[2026-06-08 21:35:27] [SUCCESS] [majestic_linux] Doctor checks passed
[2026-06-08 21:39:49] [SUCCESS] [majestic_linux] Doctor checks passed
[2026-06-08 21:40:55] [INFO] [majestic_linux] Preparing Wine drive /home/joker/.steam/steam/steamapps/compatdata/271590/pfx/dosdevices/g: -> /home/joker/.steam/steam/steamapps/common/Grand Theft Auto V
[2026-06-08 21:40:55] [INFO] [majestic_linux] Applying win10 mode via protontricks: protontricks 271590 win10
[2026-06-08 21:41:00] [INFO] [majestic_linux] Resolved JS patch target mode=asar app_root=/tmp/majestic-app-asar-42ona_xl
[2026-06-08 21:41:00] [INFO] [majestic_linux] Executing: asar extract /home/joker/.local/share/Steam/steamapps/compatdata/271590/pfx/drive_c/users/steamuser/AppData/Local/MajesticLauncher/resources/app.asar /tmp/majestic-app-asar-42ona_xl
[2026-06-08 21:41:01] [INFO] [majestic_linux] Executing: asar pack /tmp/majestic-app-asar-42ona_xl /home/joker/.local/share/Steam/steamapps/compatdata/271590/pfx/drive_c/users/steamuser/AppData/Local/MajesticLauncher/resources/app.asar
[2026-06-08 21:41:02] [INFO] [majestic_linux] Launching Proton: /home/joker/.steam/steam/steamapps/common/Proton - Experimental/proton waitforexitandrun /home/joker/.steam/steam/steamapps/compatdata/271590/pfx/drive_c/users/steamuser/AppData/Local/MajesticLauncher/Majestic Launcher.exe
[2026-06-08 22:02:45] [SUCCESS] [majestic_linux] Doctor checks passed
[2026-06-08 22:12:32] [SUCCESS] [majestic_linux] Doctor checks passed
[2026-06-08 22:15:24] [INFO] [majestic_linux] Executing: asar extract /home/joker/.local/share/Steam/steamapps/compatdata/271590/pfx/drive_c/users/steamuser/AppData/Local/MajesticLauncher/resources/app.asar /tmp/majestic-app-asar-u2und03d
[2026-06-08 22:15:24] [INFO] [majestic_linux] Executing: asar extract /home/joker/.local/share/Steam/steamapps/compatdata/271590/pfx/drive_c/users/steamuser/AppData/Local/MajesticLauncher/resources/app.asar /tmp/majestic-app-asar-vw21poht
[2026-06-08 22:15:25] [INFO] [majestic_linux] Executing: asar extract /home/joker/.local/share/Steam/steamapps/compatdata/271590/pfx/drive_c/users/steamuser/AppData/Local/MajesticLauncher/resources/app.asar /tmp/majestic-app-asar-eheq9630
[2026-06-08 22:15:26] [SUCCESS] [majestic_linux] Doctor checks passed
[2026-06-08 22:15:49] [INFO] [majestic_linux] Executing: asar extract /home/joker/.local/share/Steam/steamapps/compatdata/271590/pfx/drive_c/users/steamuser/AppData/Local/MajesticLauncher/resources/app.asar /tmp/majestic-app-asar-ksum2tem
[2026-06-08 22:15:49] [SUCCESS] [majestic_linux] Doctor checks passed
[2026-06-08 22:16:02] [INFO] [majestic_linux] Executing: asar extract /home/joker/.local/share/Steam/steamapps/compatdata/271590/pfx/drive_c/users/steamuser/AppData/Local/MajesticLauncher/resources/app.asar /tmp/majestic-app-asar-hrilwjcc
[2026-06-08 22:16:02] [SUCCESS] [majestic_linux] Doctor checks passed
[2026-06-08 22:18:51] [INFO] [majestic_linux] Preparing Wine drive /home/joker/.steam/steam/steamapps/compatdata/271590/pfx/dosdevices/g: -> /home/joker/.steam/steam/steamapps/common/Grand Theft Auto V
[2026-06-08 22:18:51] [INFO] [majestic_linux] Applying XKB layout for Proton session: /usr/bin/setxkbmap -layout us,ru -option grp:alt_shift_toggle
[2026-06-08 22:18:51] [INFO] [majestic_linux] Applying win10 mode via protontricks: protontricks 271590 win10
[2026-06-08 22:19:19] [INFO] [majestic_linux] Preparing Wine drive /home/joker/.steam/steam/steamapps/compatdata/271590/pfx/dosdevices/g: -> /home/joker/.steam/steam/steamapps/common/Grand Theft Auto V
[2026-06-08 22:19:19] [INFO] [majestic_linux] Applying XKB layout for Proton session: /usr/bin/setxkbmap -layout us,ru -option grp:alt_shift_toggle
[2026-06-08 22:19:19] [INFO] [majestic_linux] Applying win10 mode via protontricks: protontricks 271590 win10
[2026-06-08 22:19:19] [INFO] [majestic_linux] Resolved JS patch target mode=asar app_root=/tmp/majestic-app-asar-odx44c9i
[2026-06-08 22:19:19] [INFO] [majestic_linux] Executing: asar extract /home/joker/.local/share/Steam/steamapps/compatdata/271590/pfx/drive_c/users/steamuser/AppData/Local/MajesticLauncher/resources/app.asar /tmp/majestic-app-asar-odx44c9i
[2026-06-08 22:19:19] [WARNING] [majestic_linux] JS patch skipped/failed before launch: index.js not found: /tmp/majestic-app-asar-odx44c9i/dist/electron/main/index.js
[2026-06-08 22:19:19] [INFO] [majestic_linux] Launching Proton: /home/joker/.steam/steam/steamapps/common/Proton - Experimental/proton waitforexitandrun /home/joker/.steam/steam/steamapps/compatdata/271590/pfx/drive_c/users/steamuser/AppData/Local/MajesticLauncher/Majestic Launcher.exe
[2026-06-08 22:19:19] [SUCCESS] [majestic_linux] Dry-run: Proton launch skipped
[2026-06-08 22:19:37] [INFO] [majestic_linux] Preparing Wine drive /home/joker/.steam/steam/steamapps/compatdata/271590/pfx/dosdevices/g: -> /home/joker/.steam/steam/steamapps/common/Grand Theft Auto V
[2026-06-08 22:19:37] [INFO] [majestic_linux] Applying XKB layout for Proton session: /usr/bin/setxkbmap -layout us,ru -option grp:alt_shift_toggle
[2026-06-08 22:19:37] [INFO] [majestic_linux] Applying win10 mode via protontricks: protontricks 271590 win10
[2026-06-08 22:19:37] [INFO] [majestic_linux] Resolved JS patch target mode=asar app_root=/tmp/majestic-app-asar-pou9d4ud
[2026-06-08 22:19:37] [INFO] [majestic_linux] Executing: asar extract /home/joker/.local/share/Steam/steamapps/compatdata/271590/pfx/drive_c/users/steamuser/AppData/Local/MajesticLauncher/resources/app.asar /tmp/majestic-app-asar-pou9d4ud
[2026-06-08 22:19:37] [WARNING] [majestic_linux] JS patch skipped/failed before launch: index.js not found: /tmp/majestic-app-asar-pou9d4ud/dist/electron/main/index.js
[2026-06-08 22:19:37] [INFO] [majestic_linux] Launching Proton: /home/joker/.steam/steam/steamapps/common/Proton - Experimental/proton waitforexitandrun /home/joker/.steam/steam/steamapps/compatdata/271590/pfx/drive_c/users/steamuser/AppData/Local/MajesticLauncher/Majestic Launcher.exe
[2026-06-08 22:19:37] [SUCCESS] [majestic_linux] Dry-run: Proton launch skipped
[2026-06-08 22:19:54] [INFO] [majestic_linux] Preparing Wine drive /home/joker/.steam/steam/steamapps/compatdata/271590/pfx/dosdevices/g: -> /home/joker/.steam/steam/steamapps/common/Grand Theft Auto V
[2026-06-08 22:19:54] [INFO] [majestic_linux] Applying XKB layout for Proton session: /usr/bin/setxkbmap -layout us,ru -option grp:alt_shift_toggle
[2026-06-08 22:19:54] [INFO] [majestic_linux] Applying win10 mode via protontricks: protontricks 271590 win10
[2026-06-08 22:19:54] [INFO] [majestic_linux] Resolved JS patch target mode=asar app_root=/tmp/majestic-app-asar-0sagc579
[2026-06-08 22:19:54] [INFO] [majestic_linux] Executing: asar extract /home/joker/.local/share/Steam/steamapps/compatdata/271590/pfx/drive_c/users/steamuser/AppData/Local/MajesticLauncher/resources/app.asar /tmp/majestic-app-asar-0sagc579
[2026-06-08 22:19:54] [INFO] [majestic_linux] Executing: asar pack /tmp/majestic-app-asar-0sagc579 /home/joker/.local/share/Steam/steamapps/compatdata/271590/pfx/drive_c/users/steamuser/AppData/Local/MajesticLauncher/resources/app.asar
[2026-06-08 22:19:54] [INFO] [majestic_linux] Launching Proton: /home/joker/.steam/steam/steamapps/common/Proton - Experimental/proton waitforexitandrun /home/joker/.steam/steam/steamapps/compatdata/271590/pfx/drive_c/users/steamuser/AppData/Local/MajesticLauncher/Majestic Launcher.exe
[2026-06-08 22:19:54] [SUCCESS] [majestic_linux] Dry-run: Proton launch skipped
[2026-06-08 22:20:03] [INFO] [majestic_linux] Preparing Wine drive /home/joker/.steam/steam/steamapps/compatdata/271590/pfx/dosdevices/g: -> /home/joker/.steam/steam/steamapps/common/Grand Theft Auto V
[2026-06-08 22:20:03] [INFO] [majestic_linux] Applying XKB layout for Proton session: /usr/bin/setxkbmap -layout us,ru -option grp:alt_shift_toggle
[2026-06-08 22:20:03] [INFO] [majestic_linux] Applying win10 mode via protontricks: protontricks 271590 win10
[2026-06-08 22:20:03] [INFO] [majestic_linux] Resolved JS patch target mode=asar app_root=/tmp/majestic-app-asar-u0xrat54
[2026-06-08 22:20:03] [INFO] [majestic_linux] Executing: asar extract /home/joker/.local/share/Steam/steamapps/compatdata/271590/pfx/drive_c/users/steamuser/AppData/Local/MajesticLauncher/resources/app.asar /tmp/majestic-app-asar-u0xrat54
[2026-06-08 22:20:03] [INFO] [majestic_linux] Dry-run: command skipped: asar pack /tmp/majestic-app-asar-u0xrat54 /home/joker/.local/share/Steam/steamapps/compatdata/271590/pfx/drive_c/users/steamuser/AppData/Local/MajesticLauncher/resources/app.asar
[2026-06-08 22:20:03] [INFO] [majestic_linux] Launching Proton: /home/joker/.steam/steam/steamapps/common/Proton - Experimental/proton waitforexitandrun /home/joker/.steam/steam/steamapps/compatdata/271590/pfx/drive_c/users/steamuser/AppData/Local/MajesticLauncher/Majestic Launcher.exe
[2026-06-08 22:20:03] [SUCCESS] [majestic_linux] Dry-run: Proton launch skipped
[2026-06-08 22:24:00] [INFO] [majestic_linux] Preparing Wine drive /home/joker/.steam/steam/steamapps/compatdata/271590/pfx/dosdevices/g: -> /home/joker/.steam/steam/steamapps/common/Grand Theft Auto V
[2026-06-08 22:24:00] [INFO] [majestic_linux] Applying XKB layout for Proton session: /usr/bin/setxkbmap -layout us,ru -option grp:alt_shift_toggle
[2026-06-08 22:24:00] [INFO] [majestic_linux] Applying win10 mode via protontricks: protontricks 271590 win10
[2026-06-08 22:24:00] [INFO] [majestic_linux] Resolved JS patch target mode=asar app_root=/tmp/majestic-app-asar-l650dvd6
[2026-06-08 22:24:00] [INFO] [majestic_linux] Executing: asar extract /home/joker/.local/share/Steam/steamapps/compatdata/271590/pfx/drive_c/users/steamuser/AppData/Local/MajesticLauncher/resources/app.asar /tmp/majestic-app-asar-l650dvd6
[2026-06-08 22:24:01] [INFO] [majestic_linux] Dry-run: command skipped: asar pack /tmp/majestic-app-asar-l650dvd6 /home/joker/.local/share/Steam/steamapps/compatdata/271590/pfx/drive_c/users/steamuser/AppData/Local/MajesticLauncher/resources/app.asar
[2026-06-08 22:24:01] [INFO] [majestic_linux] G Radio safe mode enabled: collecting report and enabling extra Proton/Wine logs
[2026-06-08 22:24:01] [INFO] [majestic_linux] G Radio diagnostic report: /home/joker/.local/share/majestic-runner/reports/radio-report-2026-06-08-222401.txt
[2026-06-08 22:24:01] [INFO] [majestic_linux] Launching Proton: /home/joker/.steam/steam/steamapps/common/Proton - Experimental/proton waitforexitandrun /home/joker/.steam/steam/steamapps/compatdata/271590/pfx/drive_c/users/steamuser/AppData/Local/MajesticLauncher/Majestic Launcher.exe
[2026-06-08 22:24:01] [SUCCESS] [majestic_linux] Dry-run: Proton launch skipped
[2026-06-08 22:25:36] [INFO] [majestic_linux] Preparing Wine drive /home/joker/.steam/steam/steamapps/compatdata/271590/pfx/dosdevices/g: -> /home/joker/.steam/steam/steamapps/common/Grand Theft Auto V
[2026-06-08 22:25:36] [INFO] [majestic_linux] Applying XKB layout for Proton session: /usr/bin/setxkbmap -layout us,ru -option grp:alt_shift_toggle
[2026-06-08 22:25:36] [INFO] [majestic_linux] Applying win10 mode via protontricks: protontricks 271590 win10
[2026-06-08 22:25:42] [INFO] [majestic_linux] Resolved JS patch target mode=asar app_root=/tmp/majestic-app-asar-bmmsk28h
[2026-06-08 22:25:42] [INFO] [majestic_linux] Executing: asar extract /home/joker/.local/share/Steam/steamapps/compatdata/271590/pfx/drive_c/users/steamuser/AppData/Local/MajesticLauncher/resources/app.asar /tmp/majestic-app-asar-bmmsk28h
[2026-06-08 22:25:42] [INFO] [majestic_linux] Executing: asar pack /tmp/majestic-app-asar-bmmsk28h /home/joker/.local/share/Steam/steamapps/compatdata/271590/pfx/drive_c/users/steamuser/AppData/Local/MajesticLauncher/resources/app.asar
[2026-06-08 22:25:43] [INFO] [majestic_linux] Launching Proton: /home/joker/.steam/steam/steamapps/common/Proton - Experimental/proton waitforexitandrun /home/joker/.steam/steam/steamapps/compatdata/271590/pfx/drive_c/users/steamuser/AppData/Local/MajesticLauncher/Majestic Launcher.exe
[2026-06-08 22:30:20] [INFO] [majestic_linux] Running wineserver -w for prefix /home/joker/.steam/steam/steamapps/compatdata/271590/pfx
[2026-06-08 22:30:20] [INFO] [majestic_linux] Running wineserver -k for prefix /home/joker/.steam/steam/steamapps/compatdata/271590/pfx
[2026-06-08 22:32:21] [INFO] [majestic_linux] Preparing Proton lib alias cache/proton-libs/x86_64/libbz2.so.1.0 -> /usr/lib64/libbz2.so.1
[2026-06-08 22:32:21] [INFO] [majestic_linux] Preparing Proton lib alias cache/proton-libs/i386/libbz2.so.1.0 -> /usr/lib/libbz2.so.1
[2026-06-08 22:32:21] [INFO] [majestic_linux] Preparing Wine drive /home/joker/.steam/steam/steamapps/compatdata/271590/pfx/dosdevices/g: -> /home/joker/.steam/steam/steamapps/common/Grand Theft Auto V
[2026-06-08 22:32:21] [INFO] [majestic_linux] Applying XKB layout for Proton session: /usr/bin/setxkbmap -layout us,ru -option grp:alt_shift_toggle
[2026-06-08 22:32:21] [INFO] [majestic_linux] Applying win10 mode via protontricks: protontricks 271590 win10
[2026-06-08 22:32:21] [INFO] [majestic_linux] Resolved JS patch target mode=asar app_root=/tmp/majestic-app-asar-qrdcs8qs
[2026-06-08 22:32:21] [INFO] [majestic_linux] Executing: asar extract /home/joker/.local/share/Steam/steamapps/compatdata/271590/pfx/drive_c/users/steamuser/AppData/Local/MajesticLauncher/resources/app.asar /tmp/majestic-app-asar-qrdcs8qs
[2026-06-08 22:32:21] [INFO] [majestic_linux] Dry-run: command skipped: asar pack /tmp/majestic-app-asar-qrdcs8qs /home/joker/.local/share/Steam/steamapps/compatdata/271590/pfx/drive_c/users/steamuser/AppData/Local/MajesticLauncher/resources/app.asar
[2026-06-08 22:32:22] [INFO] [majestic_linux] Launching Proton: /home/joker/.steam/steam/steamapps/common/Proton - Experimental/proton waitforexitandrun /home/joker/.steam/steam/steamapps/compatdata/271590/pfx/drive_c/users/steamuser/AppData/Local/MajesticLauncher/Majestic Launcher.exe --no-sandbox --disable-dev-shm-usage --disable-gpu-sandbox --disable-gpu --disable-gpu-compositing --disable-direct-composition --disable-features=DirectComposition,CalculateNativeWinOcclusion
[2026-06-08 22:32:22] [SUCCESS] [majestic_linux] Dry-run: Proton launch skipped
[2026-06-08 22:33:39] [INFO] [majestic_linux] Preparing Proton lib alias cache/proton-libs/x86_64/libbz2.so.1.0 -> /usr/lib64/libbz2.so.1
[2026-06-08 22:33:39] [INFO] [majestic_linux] Preparing Proton lib alias cache/proton-libs/i386/libbz2.so.1.0 -> /usr/lib/libbz2.so.1
[2026-06-08 22:33:39] [INFO] [majestic_linux] Preparing Wine drive /home/joker/.steam/steam/steamapps/compatdata/271590/pfx/dosdevices/g: -> /home/joker/.steam/steam/steamapps/common/Grand Theft Auto V
[2026-06-08 22:33:39] [INFO] [majestic_linux] Applying XKB layout for Proton session: /usr/bin/setxkbmap -layout us,ru -option grp:alt_shift_toggle
[2026-06-08 22:33:39] [INFO] [majestic_linux] Applying win10 mode via protontricks: protontricks 271590 win10
[2026-06-08 22:33:39] [INFO] [majestic_linux] Resolved JS patch target mode=asar app_root=/tmp/majestic-app-asar-f595kiv5
[2026-06-08 22:33:39] [INFO] [majestic_linux] Executing: asar extract /home/joker/.local/share/Steam/steamapps/compatdata/271590/pfx/drive_c/users/steamuser/AppData/Local/MajesticLauncher/resources/app.asar /tmp/majestic-app-asar-f595kiv5
[2026-06-08 22:33:39] [INFO] [majestic_linux] Dry-run: command skipped: asar pack /tmp/majestic-app-asar-f595kiv5 /home/joker/.local/share/Steam/steamapps/compatdata/271590/pfx/drive_c/users/steamuser/AppData/Local/MajesticLauncher/resources/app.asar
[2026-06-08 22:33:39] [INFO] [majestic_linux] Launching Proton: /home/joker/.steam/steam/steamapps/common/Proton - Experimental/proton waitforexitandrun /home/joker/.steam/steam/steamapps/compatdata/271590/pfx/drive_c/users/steamuser/AppData/Local/MajesticLauncher/Majestic Launcher.exe --no-sandbox --disable-dev-shm-usage --disable-gpu-sandbox --disable-gpu --disable-gpu-compositing --disable-direct-composition --disable-features=DirectComposition,CalculateNativeWinOcclusion
[2026-06-08 22:33:39] [SUCCESS] [majestic_linux] Dry-run: Proton launch skipped
[2026-06-08 22:34:32] [INFO] [majestic_linux] Preparing Proton lib alias cache/proton-libs/x86_64/libbz2.so.1.0 -> /usr/lib64/libbz2.so.1
[2026-06-08 22:34:32] [INFO] [majestic_linux] Preparing Proton lib alias cache/proton-libs/i386/libbz2.so.1.0 -> /usr/lib/libbz2.so.1
[2026-06-08 22:34:32] [INFO] [majestic_linux] Preparing Wine drive /home/joker/.steam/steam/steamapps/compatdata/271590/pfx/dosdevices/g: -> /home/joker/.steam/steam/steamapps/common/Grand Theft Auto V
[2026-06-08 22:34:32] [INFO] [majestic_linux] Applying XKB layout for Proton session: /usr/bin/setxkbmap -layout us,ru -option grp:alt_shift_toggle
[2026-06-08 22:34:32] [INFO] [majestic_linux] Applying win10 mode via protontricks: protontricks 271590 win10
[2026-06-08 22:34:37] [INFO] [majestic_linux] Resolved JS patch target mode=asar app_root=/tmp/majestic-app-asar-s9dx6v8f
[2026-06-08 22:34:37] [INFO] [majestic_linux] Executing: asar extract /home/joker/.local/share/Steam/steamapps/compatdata/271590/pfx/drive_c/users/steamuser/AppData/Local/MajesticLauncher/resources/app.asar /tmp/majestic-app-asar-s9dx6v8f
[2026-06-08 22:34:37] [INFO] [majestic_linux] Executing: asar pack /tmp/majestic-app-asar-s9dx6v8f /home/joker/.local/share/Steam/steamapps/compatdata/271590/pfx/drive_c/users/steamuser/AppData/Local/MajesticLauncher/resources/app.asar
[2026-06-08 22:34:39] [INFO] [majestic_linux] Launching Proton: /home/joker/.steam/steam/steamapps/common/Proton - Experimental/proton waitforexitandrun /home/joker/.steam/steam/steamapps/compatdata/271590/pfx/drive_c/users/steamuser/AppData/Local/MajesticLauncher/Majestic Launcher.exe --no-sandbox --disable-dev-shm-usage --disable-gpu-sandbox --disable-gpu --disable-gpu-compositing --disable-direct-composition --disable-features=DirectComposition,CalculateNativeWinOcclusion
[2026-06-08 22:48:12] [INFO] [majestic_linux] Preparing Proton lib alias /home/joker/Рабочий стол/pather/majestic-rp-linux/cache/proton-libs/x86_64/libbz2.so.1.0 -> /usr/lib64/libbz2.so.1
[2026-06-08 22:48:12] [INFO] [majestic_linux] Preparing Proton lib alias /home/joker/Рабочий стол/pather/majestic-rp-linux/cache/proton-libs/i386/libbz2.so.1.0 -> /usr/lib/libbz2.so.1
[2026-06-08 22:48:12] [INFO] [majestic_linux] Preparing Wine drive /home/joker/.steam/steam/steamapps/compatdata/271590/pfx/dosdevices/g: -> /home/joker/.steam/steam/steamapps/common/Grand Theft Auto V
[2026-06-08 22:48:12] [INFO] [majestic_linux] Applying XKB layout for Proton session: /usr/bin/setxkbmap -layout us,ru -option grp:alt_shift_toggle
[2026-06-08 22:48:12] [INFO] [majestic_linux] Applying win10 mode via protontricks: protontricks 271590 win10
[2026-06-08 22:48:12] [INFO] [majestic_linux] Resolved JS patch target mode=asar app_root=/tmp/majestic-app-asar-i2xasx6c
[2026-06-08 22:48:12] [INFO] [majestic_linux] Executing: asar extract /home/joker/.local/share/Steam/steamapps/compatdata/271590/pfx/drive_c/users/steamuser/AppData/Local/MajesticLauncher/resources/app.asar /tmp/majestic-app-asar-i2xasx6c
[2026-06-08 22:48:13] [INFO] [majestic_linux] Dry-run: command skipped: asar pack /tmp/majestic-app-asar-i2xasx6c /home/joker/.local/share/Steam/steamapps/compatdata/271590/pfx/drive_c/users/steamuser/AppData/Local/MajesticLauncher/resources/app.asar
[2026-06-08 22:48:13] [INFO] [majestic_linux] Launching Proton: /home/joker/.steam/steam/steamapps/common/Proton - Experimental/proton waitforexitandrun /home/joker/.steam/steam/steamapps/compatdata/271590/pfx/drive_c/users/steamuser/AppData/Local/MajesticLauncher/Majestic Launcher.exe --no-sandbox --disable-dev-shm-usage --disable-gpu-sandbox --disable-gpu --disable-gpu-compositing --disable-direct-composition --disable-features=DirectComposition,CalculateNativeWinOcclusion
[2026-06-08 22:48:13] [SUCCESS] [majestic_linux] Dry-run: Proton launch skipped
[2026-06-08 22:48:23] [WARNING] [majestic_linux] Wine GStreamer is disabled for this run: WINEDLLOVERRIDES=winegstreamer=d
[2026-06-08 22:48:23] [INFO] [majestic_linux] Preparing Proton lib alias /home/joker/Рабочий стол/pather/majestic-rp-linux/cache/proton-libs/x86_64/libbz2.so.1.0 -> /usr/lib64/libbz2.so.1
[2026-06-08 22:48:23] [INFO] [majestic_linux] Preparing Proton lib alias /home/joker/Рабочий стол/pather/majestic-rp-linux/cache/proton-libs/i386/libbz2.so.1.0 -> /usr/lib/libbz2.so.1
[2026-06-08 22:48:23] [INFO] [majestic_linux] Preparing Wine drive /home/joker/.steam/steam/steamapps/compatdata/271590/pfx/dosdevices/g: -> /home/joker/.steam/steam/steamapps/common/Grand Theft Auto V
[2026-06-08 22:48:23] [INFO] [majestic_linux] Applying XKB layout for Proton session: /usr/bin/setxkbmap -layout us,ru -option grp:alt_shift_toggle
[2026-06-08 22:48:23] [INFO] [majestic_linux] Applying win10 mode via protontricks: protontricks 271590 win10
[2026-06-08 22:48:23] [INFO] [majestic_linux] Resolved JS patch target mode=asar app_root=/tmp/majestic-app-asar-mwqz0y_b
[2026-06-08 22:48:23] [INFO] [majestic_linux] Executing: asar extract /home/joker/.local/share/Steam/steamapps/compatdata/271590/pfx/drive_c/users/steamuser/AppData/Local/MajesticLauncher/resources/app.asar /tmp/majestic-app-asar-mwqz0y_b
[2026-06-08 22:48:23] [INFO] [majestic_linux] Dry-run: command skipped: asar pack /tmp/majestic-app-asar-mwqz0y_b /home/joker/.local/share/Steam/steamapps/compatdata/271590/pfx/drive_c/users/steamuser/AppData/Local/MajesticLauncher/resources/app.asar
[2026-06-08 22:48:23] [INFO] [majestic_linux] Launching Proton: /home/joker/.steam/steam/steamapps/common/Proton - Experimental/proton waitforexitandrun /home/joker/.steam/steam/steamapps/compatdata/271590/pfx/drive_c/users/steamuser/AppData/Local/MajesticLauncher/Majestic Launcher.exe --no-sandbox --disable-dev-shm-usage --disable-gpu-sandbox --disable-gpu --disable-gpu-compositing --disable-direct-composition --disable-features=DirectComposition,CalculateNativeWinOcclusion
[2026-06-08 22:48:23] [SUCCESS] [majestic_linux] Dry-run: Proton launch skipped
[2026-06-08 22:49:48] [WARNING] [majestic_linux] Received signal SIGINT; stopping Proton process
