[2026-06-08 09:55:50] [INFO] [Launcher] Starting Majestic Proton Launcher | script_dir=/home/joker/Загрузки/Telegram Desktop/majes/resources/destfolder/pather/majestic-rp-linux log_file=/home/joker/Загрузки/Telegram Desktop/majes/resources/destfolder/pather/majestic-rp-linux/logs/majestic-proton.log
[2026-06-08 09:55:50] [INFO] [Environment] Loading configuration file | CONFIG_FILE=/home/joker/Загрузки/Telegram Desktop/majes/resources/destfolder/pather/majestic-rp-linux/majestic-proton.conf
[2026-06-08 09:55:50] [DEBUG] [Environment] Resolved configuration values | GAME_WIDTH=1920 GAME_HEIGHT=1080 GAME_WINDOWED=1 GAME_BORDERLESS=1 DISABLE_CEF_GPU=1 MAJESTIC_PLATFORM=rgl GTA_WINE_DRIVE=g MAJESTIC_PERMISSIONS=1,3,4 RESET_ROCKSTAR_DOCUMENTS=0 PROTON_VERB=waitforexitandrun APP_ID=271590 MAJESTIC_LAUNCHER_FLAGS=--no-sandbox --disable-dev-shm-usage --disable-gpu-sandbox
[2026-06-08 09:55:50] [INFO] [Dependencies] Checking base dependencies
[2026-06-08 09:55:50] [DEBUG] [Dependencies] Checking required command | command=node
[2026-06-08 09:55:50] [DEBUG] [Dependencies] Required command found | command=node path=/usr/bin/node version=v22.22.2
[2026-06-08 09:55:50] [DEBUG] [Dependencies] Checking required command | command=perl
[2026-06-08 09:55:50] [DEBUG] [Dependencies] Required command found | command=perl path=/usr/bin/perl version=unknown
[2026-06-08 09:55:50] [DEBUG] [Dependencies] Checking required command | command=sed
[2026-06-08 09:55:50] [DEBUG] [Dependencies] Required command found | command=sed path=/usr/bin/sed version=sed (GNU sed) 4.9
[2026-06-08 09:55:50] [DEBUG] [Dependencies] Checking required command | command=find
[2026-06-08 09:55:50] [DEBUG] [Dependencies] Required command found | command=find path=/usr/bin/find version=find (GNU findutils) 4.10.0
[2026-06-08 09:55:50] [SUCCESS] [Dependencies] Base dependencies are available
[2026-06-08 09:55:50] [DEBUG] [Proton] Validating Proton verb | PROTON_VERB=waitforexitandrun
[2026-06-08 09:55:50] [SUCCESS] [Proton] Proton verb is supported | PROTON_VERB=waitforexitandrun
[2026-06-08 09:55:50] [INFO] [Steam] Checking Steam installation | STEAM_ROOT=
[2026-06-08 09:55:50] [DEBUG] [Steam] Checking Steam root candidate | candidate=/home/joker/.local/share/Steam
[2026-06-08 09:55:50] [SUCCESS] [Steam] Steam root detected | STEAM_ROOT=/home/joker/.local/share/Steam
[2026-06-08 09:55:50] [INFO] [GTA] Checking GTA V installation | GTA_PATH=
[2026-06-08 09:55:50] [DEBUG] [Steam] Adding Steam library root | root=/home/joker/.local/share/Steam
[2026-06-08 09:55:50] [DEBUG] [Steam] Reading Steam library folders | file=/home/joker/.local/share/Steam/steamapps/libraryfolders.vdf
[2026-06-08 09:55:50] [DEBUG] [Steam] Adding Steam library root from VDF | root=/home/joker/.local/share/Steam
[2026-06-08 09:55:50] [DEBUG] [Steam] Ignoring invalid Steam library root from VDF | root=/mnt/storage/SteamLibrary
[2026-06-08 09:55:50] [DEBUG] [GTA] Checking GTA V candidate from manifest | manifest=/home/joker/.local/share/Steam/steamapps/appmanifest_1070560.acf candidate=/home/joker/.local/share/Steam/steamapps/common/SteamLinuxRuntime
[2026-06-08 09:55:50] [DEBUG] [GTA] Checking GTA V candidate from manifest | manifest=/home/joker/.local/share/Steam/steamapps/appmanifest_1391110.acf candidate=/home/joker/.local/share/Steam/steamapps/common/SteamLinuxRuntime_soldier
[2026-06-08 09:55:50] [DEBUG] [GTA] Checking GTA V candidate from manifest | manifest=/home/joker/.local/share/Steam/steamapps/appmanifest_1493710.acf candidate=/home/joker/.local/share/Steam/steamapps/common/Proton - Experimental
[2026-06-08 09:55:50] [DEBUG] [GTA] Checking GTA V candidate from manifest | manifest=/home/joker/.local/share/Steam/steamapps/appmanifest_1628350.acf candidate=/home/joker/.local/share/Steam/steamapps/common/SteamLinuxRuntime_sniper
[2026-06-08 09:55:50] [DEBUG] [GTA] Checking GTA V candidate from manifest | manifest=/home/joker/.local/share/Steam/steamapps/appmanifest_2060160.acf candidate=/home/joker/.local/share/Steam/steamapps/common/The Farmer Was Replaced
[2026-06-08 09:55:50] [DEBUG] [GTA] Checking GTA V candidate from manifest | manifest=/home/joker/.local/share/Steam/steamapps/appmanifest_2180100.acf candidate=/home/joker/.local/share/Steam/steamapps/common/Proton Hotfix
[2026-06-08 09:55:50] [DEBUG] [GTA] Checking GTA V candidate from manifest | manifest=/home/joker/.local/share/Steam/steamapps/appmanifest_228980.acf candidate=/home/joker/.local/share/Steam/steamapps/common/Steamworks Shared
[2026-06-08 09:55:50] [DEBUG] [GTA] Checking GTA V candidate from manifest | manifest=/home/joker/.local/share/Steam/steamapps/appmanifest_271590.acf candidate=/home/joker/.local/share/Steam/steamapps/common/Grand Theft Auto V
[2026-06-08 09:55:50] [SUCCESS] [GTA] GTA V path detected from Steam manifest | GTA_PATH=/home/joker/.local/share/Steam/steamapps/common/Grand Theft Auto V
[2026-06-08 09:55:50] [INFO] [GTA] Detected GTA V platform from files | detected=steam configured=rgl GTA_PATH=/home/joker/.local/share/Steam/steamapps/common/Grand Theft Auto V
[2026-06-08 09:55:50] [WARN] [GTA] MAJESTIC_PLATFORM=rgl in conf but detected platform is 'steam'. Consider setting MAJESTIC_PLATFORM=steam in /home/joker/Загрузки/Telegram Desktop/majes/resources/destfolder/pather/majestic-rp-linux/majestic-proton.conf.
[2026-06-08 09:55:50] [INFO] [GTA] Auto-corrected MAJESTIC_PLATFORM to 'steam'
[2026-06-08 09:55:50] [INFO] [GTA] Searching GTA V Steam manifest | GTA_PATH=/home/joker/.local/share/Steam/steamapps/common/Grand Theft Auto V
[2026-06-08 09:55:50] [DEBUG] [Steam] Adding Steam library root | root=/home/joker/.local/share/Steam
[2026-06-08 09:55:50] [DEBUG] [Steam] Reading Steam library folders | file=/home/joker/.local/share/Steam/steamapps/libraryfolders.vdf
[2026-06-08 09:55:50] [DEBUG] [GTA] Checking Steam manifest | manifest=/home/joker/.local/share/Steam/steamapps/appmanifest_1070560.acf installdir=SteamLinuxRuntime appdir=/home/joker/.local/share/Steam/steamapps/common/SteamLinuxRuntime
[2026-06-08 09:55:50] [DEBUG] [Steam] Adding Steam library root from VDF | root=/home/joker/.local/share/Steam
[2026-06-08 09:55:50] [DEBUG] [GTA] Checking Steam manifest | manifest=/home/joker/.local/share/Steam/steamapps/appmanifest_1391110.acf installdir=SteamLinuxRuntime_soldier appdir=/home/joker/.local/share/Steam/steamapps/common/SteamLinuxRuntime_soldier
[2026-06-08 09:55:50] [DEBUG] [Steam] Ignoring invalid Steam library root from VDF | root=/mnt/storage/SteamLibrary
[2026-06-08 09:55:50] [DEBUG] [GTA] Checking Steam manifest | manifest=/home/joker/.local/share/Steam/steamapps/appmanifest_1493710.acf installdir=Proton - Experimental appdir=/home/joker/.local/share/Steam/steamapps/common/Proton - Experimental
[2026-06-08 09:55:50] [DEBUG] [GTA] Checking Steam manifest | manifest=/home/joker/.local/share/Steam/steamapps/appmanifest_1628350.acf installdir=SteamLinuxRuntime_sniper appdir=/home/joker/.local/share/Steam/steamapps/common/SteamLinuxRuntime_sniper
[2026-06-08 09:55:50] [DEBUG] [GTA] Checking Steam manifest | manifest=/home/joker/.local/share/Steam/steamapps/appmanifest_2060160.acf installdir=The Farmer Was Replaced appdir=/home/joker/.local/share/Steam/steamapps/common/The Farmer Was Replaced
[2026-06-08 09:55:50] [DEBUG] [GTA] Checking Steam manifest | manifest=/home/joker/.local/share/Steam/steamapps/appmanifest_2180100.acf installdir=Proton Hotfix appdir=/home/joker/.local/share/Steam/steamapps/common/Proton Hotfix
[2026-06-08 09:55:50] [DEBUG] [GTA] Checking Steam manifest | manifest=/home/joker/.local/share/Steam/steamapps/appmanifest_228980.acf installdir=Steamworks Shared appdir=/home/joker/.local/share/Steam/steamapps/common/Steamworks Shared
[2026-06-08 09:55:50] [DEBUG] [GTA] Checking Steam manifest | manifest=/home/joker/.local/share/Steam/steamapps/appmanifest_271590.acf installdir=Grand Theft Auto V appdir=/home/joker/.local/share/Steam/steamapps/common/Grand Theft Auto V
[2026-06-08 09:55:50] [SUCCESS] [GTA] GTA V Steam manifest found by path match | manifest=/home/joker/.local/share/Steam/steamapps/appmanifest_271590.acf
[2026-06-08 09:55:50] [INFO] [GTA] Detected GTA AppID | APP_ID=271590
[2026-06-08 09:55:50] [INFO] [Environment] Checking Proton compatdata prefix | STEAM_COMPAT_DATA_PATH= APP_ID=271590
[2026-06-08 09:55:50] [DEBUG] [Steam] Adding Steam library root | root=/home/joker/.local/share/Steam
[2026-06-08 09:55:50] [DEBUG] [Steam] Reading Steam library folders | file=/home/joker/.local/share/Steam/steamapps/libraryfolders.vdf
[2026-06-08 09:55:50] [DEBUG] [Environment] Checking compatdata candidate by AppID | candidate=/home/joker/.local/share/Steam/steamapps/compatdata/271590
[2026-06-08 09:55:50] [SUCCESS] [Environment] Compatdata prefix found by AppID | COMPATDATA=/home/joker/.local/share/Steam/steamapps/compatdata/271590
[2026-06-08 09:55:50] [DEBUG] [Steam] Adding Steam library root from VDF | root=/home/joker/.local/share/Steam
[2026-06-08 09:55:50] [INFO] [Proton] Forcing Windows 10 for Proton prefix | APP_ID=271590
[2026-06-08 09:55:55] [INFO] [Proton] Checking Proton installation | PROTON_PATH=
[2026-06-08 09:55:55] [DEBUG] [Steam] Adding Steam library root | root=/home/joker/.local/share/Steam
[2026-06-08 09:55:55] [DEBUG] [Steam] Reading Steam library folders | file=/home/joker/.local/share/Steam/steamapps/libraryfolders.vdf
[2026-06-08 09:55:55] [DEBUG] [Steam] Adding Steam library root from VDF | root=/home/joker/.local/share/Steam
[2026-06-08 09:55:55] [DEBUG] [Steam] Ignoring invalid Steam library root from VDF | root=/mnt/storage/SteamLibrary
[2026-06-08 09:55:55] [DEBUG] [Proton] Checking Proton candidate | candidate=/home/joker/.local/share/Steam/steamapps/common/Proton - Experimental/proton
[2026-06-08 09:55:55] [SUCCESS] [Proton] Proton executable detected | PROTON=/home/joker/.local/share/Steam/steamapps/common/Proton - Experimental/proton
[2026-06-08 09:55:55] [INFO] [Majestic] Searching Majestic Launcher executable | MAJESTIC_EXE=
[2026-06-08 09:55:55] [DEBUG] [Majestic] Checking Majestic Launcher in Proton prefix | candidate=/home/joker/.local/share/Steam/steamapps/compatdata/271590/pfx/drive_c/users/steamuser/AppData/Local/MajesticLauncher/Majestic Launcher.exe
[2026-06-08 09:55:55] [ERROR] [Launcher] Majestic Launcher.exe was not found. Put this script next to it or set MAJESTIC_EXE. | exit_code=1
[2026-06-08 09:55:55] [ERROR] [Launcher] Command failed | exit_code=1 line=658 command=MAJESTIC_EXE="$(find_majestic_exe)"
[2026-06-08 09:56:31] [INFO] [Launcher] Starting Majestic Proton Launcher | script_dir=/home/joker/Загрузки/Telegram Desktop/majes/resources/destfolder/pather/majestic-rp-linux log_file=/home/joker/Загрузки/Telegram Desktop/majes/resources/destfolder/pather/majestic-rp-linux/logs/majestic-proton.log
[2026-06-08 09:56:31] [INFO] [Environment] Loading configuration file | CONFIG_FILE=/home/joker/Загрузки/Telegram Desktop/majes/resources/destfolder/pather/majestic-rp-linux/majestic-proton.conf
[2026-06-08 09:56:31] [DEBUG] [Environment] Resolved configuration values | GAME_WIDTH=1920 GAME_HEIGHT=1080 GAME_WINDOWED=1 GAME_BORDERLESS=1 DISABLE_CEF_GPU=1 MAJESTIC_PLATFORM=steam GTA_WINE_DRIVE=g MAJESTIC_PERMISSIONS=1,3,4 RESET_ROCKSTAR_DOCUMENTS=0 PROTON_VERB=waitforexitandrun APP_ID=271590 MAJESTIC_LAUNCHER_FLAGS=--no-sandbox --disable-dev-shm-usage --disable-gpu-sandbox
[2026-06-08 09:56:31] [INFO] [Dependencies] Checking base dependencies
[2026-06-08 09:56:31] [DEBUG] [Dependencies] Checking required command | command=node
[2026-06-08 09:56:31] [DEBUG] [Dependencies] Required command found | command=node path=/usr/bin/node version=v22.22.2
[2026-06-08 09:56:31] [DEBUG] [Dependencies] Checking required command | command=perl
[2026-06-08 09:56:31] [DEBUG] [Dependencies] Required command found | command=perl path=/usr/bin/perl version=unknown
[2026-06-08 09:56:31] [DEBUG] [Dependencies] Checking required command | command=sed
[2026-06-08 09:56:31] [DEBUG] [Dependencies] Required command found | command=sed path=/usr/bin/sed version=sed (GNU sed) 4.9
[2026-06-08 09:56:31] [DEBUG] [Dependencies] Checking required command | command=find
[2026-06-08 09:56:31] [DEBUG] [Dependencies] Required command found | command=find path=/usr/bin/find version=find (GNU findutils) 4.10.0
[2026-06-08 09:56:31] [SUCCESS] [Dependencies] Base dependencies are available
[2026-06-08 09:56:31] [DEBUG] [Proton] Validating Proton verb | PROTON_VERB=waitforexitandrun
[2026-06-08 09:56:31] [SUCCESS] [Proton] Proton verb is supported | PROTON_VERB=waitforexitandrun
[2026-06-08 09:56:31] [INFO] [Steam] Checking Steam installation | STEAM_ROOT=
[2026-06-08 09:56:31] [DEBUG] [Steam] Checking Steam root candidate | candidate=/home/joker/.local/share/Steam
[2026-06-08 09:56:31] [SUCCESS] [Steam] Steam root detected | STEAM_ROOT=/home/joker/.local/share/Steam
[2026-06-08 09:56:31] [INFO] [GTA] Checking GTA V installation | GTA_PATH=
[2026-06-08 09:56:31] [DEBUG] [Steam] Adding Steam library root | root=/home/joker/.local/share/Steam
[2026-06-08 09:56:31] [DEBUG] [Steam] Reading Steam library folders | file=/home/joker/.local/share/Steam/steamapps/libraryfolders.vdf
[2026-06-08 09:56:31] [DEBUG] [Steam] Adding Steam library root from VDF | root=/home/joker/.local/share/Steam
[2026-06-08 09:56:31] [DEBUG] [Steam] Ignoring invalid Steam library root from VDF | root=/mnt/storage/SteamLibrary
[2026-06-08 09:56:31] [DEBUG] [GTA] Checking GTA V candidate from manifest | manifest=/home/joker/.local/share/Steam/steamapps/appmanifest_1070560.acf candidate=/home/joker/.local/share/Steam/steamapps/common/SteamLinuxRuntime
[2026-06-08 09:56:31] [DEBUG] [GTA] Checking GTA V candidate from manifest | manifest=/home/joker/.local/share/Steam/steamapps/appmanifest_1391110.acf candidate=/home/joker/.local/share/Steam/steamapps/common/SteamLinuxRuntime_soldier
[2026-06-08 09:56:31] [DEBUG] [GTA] Checking GTA V candidate from manifest | manifest=/home/joker/.local/share/Steam/steamapps/appmanifest_1493710.acf candidate=/home/joker/.local/share/Steam/steamapps/common/Proton - Experimental
[2026-06-08 09:56:31] [DEBUG] [GTA] Checking GTA V candidate from manifest | manifest=/home/joker/.local/share/Steam/steamapps/appmanifest_1628350.acf candidate=/home/joker/.local/share/Steam/steamapps/common/SteamLinuxRuntime_sniper
[2026-06-08 09:56:31] [DEBUG] [GTA] Checking GTA V candidate from manifest | manifest=/home/joker/.local/share/Steam/steamapps/appmanifest_2060160.acf candidate=/home/joker/.local/share/Steam/steamapps/common/The Farmer Was Replaced
[2026-06-08 09:56:31] [DEBUG] [GTA] Checking GTA V candidate from manifest | manifest=/home/joker/.local/share/Steam/steamapps/appmanifest_2180100.acf candidate=/home/joker/.local/share/Steam/steamapps/common/Proton Hotfix
[2026-06-08 09:56:31] [DEBUG] [GTA] Checking GTA V candidate from manifest | manifest=/home/joker/.local/share/Steam/steamapps/appmanifest_228980.acf candidate=/home/joker/.local/share/Steam/steamapps/common/Steamworks Shared
[2026-06-08 09:56:31] [DEBUG] [GTA] Checking GTA V candidate from manifest | manifest=/home/joker/.local/share/Steam/steamapps/appmanifest_271590.acf candidate=/home/joker/.local/share/Steam/steamapps/common/Grand Theft Auto V
[2026-06-08 09:56:31] [SUCCESS] [GTA] GTA V path detected from Steam manifest | GTA_PATH=/home/joker/.local/share/Steam/steamapps/common/Grand Theft Auto V
[2026-06-08 09:56:31] [INFO] [GTA] Detected GTA V platform from files | detected=steam configured=steam GTA_PATH=/home/joker/.local/share/Steam/steamapps/common/Grand Theft Auto V
[2026-06-08 09:56:31] [INFO] [GTA] Searching GTA V Steam manifest | GTA_PATH=/home/joker/.local/share/Steam/steamapps/common/Grand Theft Auto V
[2026-06-08 09:56:31] [DEBUG] [Steam] Adding Steam library root | root=/home/joker/.local/share/Steam
[2026-06-08 09:56:31] [DEBUG] [Steam] Reading Steam library folders | file=/home/joker/.local/share/Steam/steamapps/libraryfolders.vdf
[2026-06-08 09:56:31] [DEBUG] [GTA] Checking Steam manifest | manifest=/home/joker/.local/share/Steam/steamapps/appmanifest_1070560.acf installdir=SteamLinuxRuntime appdir=/home/joker/.local/share/Steam/steamapps/common/SteamLinuxRuntime
[2026-06-08 09:56:31] [DEBUG] [Steam] Adding Steam library root from VDF | root=/home/joker/.local/share/Steam
[2026-06-08 09:56:31] [DEBUG] [GTA] Checking Steam manifest | manifest=/home/joker/.local/share/Steam/steamapps/appmanifest_1391110.acf installdir=SteamLinuxRuntime_soldier appdir=/home/joker/.local/share/Steam/steamapps/common/SteamLinuxRuntime_soldier
[2026-06-08 09:56:31] [DEBUG] [Steam] Ignoring invalid Steam library root from VDF | root=/mnt/storage/SteamLibrary
[2026-06-08 09:56:31] [DEBUG] [GTA] Checking Steam manifest | manifest=/home/joker/.local/share/Steam/steamapps/appmanifest_1493710.acf installdir=Proton - Experimental appdir=/home/joker/.local/share/Steam/steamapps/common/Proton - Experimental
[2026-06-08 09:56:31] [DEBUG] [GTA] Checking Steam manifest | manifest=/home/joker/.local/share/Steam/steamapps/appmanifest_1628350.acf installdir=SteamLinuxRuntime_sniper appdir=/home/joker/.local/share/Steam/steamapps/common/SteamLinuxRuntime_sniper
[2026-06-08 09:56:31] [DEBUG] [GTA] Checking Steam manifest | manifest=/home/joker/.local/share/Steam/steamapps/appmanifest_2060160.acf installdir=The Farmer Was Replaced appdir=/home/joker/.local/share/Steam/steamapps/common/The Farmer Was Replaced
[2026-06-08 09:56:31] [DEBUG] [GTA] Checking Steam manifest | manifest=/home/joker/.local/share/Steam/steamapps/appmanifest_2180100.acf installdir=Proton Hotfix appdir=/home/joker/.local/share/Steam/steamapps/common/Proton Hotfix
[2026-06-08 09:56:31] [DEBUG] [GTA] Checking Steam manifest | manifest=/home/joker/.local/share/Steam/steamapps/appmanifest_228980.acf installdir=Steamworks Shared appdir=/home/joker/.local/share/Steam/steamapps/common/Steamworks Shared
[2026-06-08 09:56:31] [DEBUG] [GTA] Checking Steam manifest | manifest=/home/joker/.local/share/Steam/steamapps/appmanifest_271590.acf installdir=Grand Theft Auto V appdir=/home/joker/.local/share/Steam/steamapps/common/Grand Theft Auto V
[2026-06-08 09:56:31] [SUCCESS] [GTA] GTA V Steam manifest found by path match | manifest=/home/joker/.local/share/Steam/steamapps/appmanifest_271590.acf
[2026-06-08 09:56:31] [INFO] [GTA] Detected GTA AppID | APP_ID=271590
[2026-06-08 09:56:31] [INFO] [Environment] Checking Proton compatdata prefix | STEAM_COMPAT_DATA_PATH= APP_ID=271590
[2026-06-08 09:56:31] [DEBUG] [Steam] Adding Steam library root | root=/home/joker/.local/share/Steam
[2026-06-08 09:56:31] [DEBUG] [Steam] Reading Steam library folders | file=/home/joker/.local/share/Steam/steamapps/libraryfolders.vdf
[2026-06-08 09:56:31] [DEBUG] [Environment] Checking compatdata candidate by AppID | candidate=/home/joker/.local/share/Steam/steamapps/compatdata/271590
[2026-06-08 09:56:31] [SUCCESS] [Environment] Compatdata prefix found by AppID | COMPATDATA=/home/joker/.local/share/Steam/steamapps/compatdata/271590
[2026-06-08 09:56:31] [DEBUG] [Steam] Adding Steam library root from VDF | root=/home/joker/.local/share/Steam
[2026-06-08 09:56:31] [INFO] [Proton] Forcing Windows 10 for Proton prefix | APP_ID=271590
[2026-06-08 09:56:36] [INFO] [Proton] Checking Proton installation | PROTON_PATH=
[2026-06-08 09:56:36] [DEBUG] [Steam] Adding Steam library root | root=/home/joker/.local/share/Steam
[2026-06-08 09:56:36] [DEBUG] [Steam] Reading Steam library folders | file=/home/joker/.local/share/Steam/steamapps/libraryfolders.vdf
[2026-06-08 09:56:36] [DEBUG] [Steam] Adding Steam library root from VDF | root=/home/joker/.local/share/Steam
[2026-06-08 09:56:36] [DEBUG] [Steam] Ignoring invalid Steam library root from VDF | root=/mnt/storage/SteamLibrary
[2026-06-08 09:56:36] [DEBUG] [Proton] Checking Proton candidate | candidate=/home/joker/.local/share/Steam/steamapps/common/Proton - Experimental/proton
[2026-06-08 09:56:36] [SUCCESS] [Proton] Proton executable detected | PROTON=/home/joker/.local/share/Steam/steamapps/common/Proton - Experimental/proton
[2026-06-08 09:56:36] [INFO] [Majestic] Searching Majestic Launcher executable | MAJESTIC_EXE=
[2026-06-08 09:56:36] [DEBUG] [Majestic] Checking Majestic Launcher in Proton prefix | candidate=/home/joker/.local/share/Steam/steamapps/compatdata/271590/pfx/drive_c/users/steamuser/AppData/Local/MajesticLauncher/Majestic Launcher.exe
[2026-06-08 09:56:36] [ERROR] [Launcher] Majestic Launcher.exe was not found. Put this script next to it or set MAJESTIC_EXE. | exit_code=1
[2026-06-08 09:56:36] [ERROR] [Launcher] Command failed | exit_code=1 line=658 command=MAJESTIC_EXE="$(find_majestic_exe)"
[2026-06-08 09:57:53] [INFO] [Launcher] Starting Majestic Proton Launcher | script_dir=/home/joker/Загрузки/Telegram Desktop/majes/resources/destfolder/pather/majestic-rp-linux log_file=/home/joker/Загрузки/Telegram Desktop/majes/resources/destfolder/pather/majestic-rp-linux/logs/majestic-proton.log
[2026-06-08 09:57:53] [INFO] [Environment] Loading configuration file | CONFIG_FILE=/home/joker/Загрузки/Telegram Desktop/majes/resources/destfolder/pather/majestic-rp-linux/majestic-proton.conf
[2026-06-08 09:57:53] [ERROR] [Launcher] Command failed | exit_code=127 line=46 command=MAJESTIC_EXE=/home/joker/.local/share/Steam/steamapps/compatdata/271590/pfx/drive_c/users/steamuser/AppData/Local/MajesticLauncher/Majestic Launcher.exe
[2026-06-08 09:57:55] [INFO] [Launcher] Starting Majestic Proton Launcher | script_dir=/home/joker/Загрузки/Telegram Desktop/majes/resources/destfolder/pather/majestic-rp-linux log_file=/home/joker/Загрузки/Telegram Desktop/majes/resources/destfolder/pather/majestic-rp-linux/logs/majestic-proton.log
[2026-06-08 09:57:55] [INFO] [Environment] Loading configuration file | CONFIG_FILE=/home/joker/Загрузки/Telegram Desktop/majes/resources/destfolder/pather/majestic-rp-linux/majestic-proton.conf
[2026-06-08 09:57:55] [ERROR] [Launcher] Command failed | exit_code=127 line=46 command=MAJESTIC_EXE=/home/joker/.local/share/Steam/steamapps/compatdata/271590/pfx/drive_c/users/steamuser/AppData/Local/MajesticLauncher/Majestic Launcher.exe
[2026-06-08 09:58:00] [INFO] [Launcher] Starting Majestic Proton Launcher | script_dir=/home/joker/Загрузки/Telegram Desktop/majes/resources/destfolder/pather/majestic-rp-linux log_file=/home/joker/Загрузки/Telegram Desktop/majes/resources/destfolder/pather/majestic-rp-linux/logs/majestic-proton.log
[2026-06-08 09:58:00] [INFO] [Environment] Loading configuration file | CONFIG_FILE=/home/joker/Загрузки/Telegram Desktop/majes/resources/destfolder/pather/majestic-rp-linux/majestic-proton.conf
[2026-06-08 09:58:00] [ERROR] [Launcher] Command failed | exit_code=127 line=46 command=MAJESTIC_EXE=/home/joker/.local/share/Steam/steamapps/compatdata/271590/pfx/drive_c/users/steamuser/AppData/Local/MajesticLauncher/Majestic Launcher.exe
[2026-06-08 09:59:26] [INFO] [Launcher] Starting Majestic Proton Launcher | script_dir=/home/joker/Загрузки/Telegram Desktop/majes/resources/destfolder/pather/majestic-rp-linux log_file=/home/joker/Загрузки/Telegram Desktop/majes/resources/destfolder/pather/majestic-rp-linux/logs/majestic-proton.log
[2026-06-08 09:59:26] [INFO] [Environment] Loading configuration file | CONFIG_FILE=/home/joker/Загрузки/Telegram Desktop/majes/resources/destfolder/pather/majestic-rp-linux/majestic-proton.conf
[2026-06-08 09:59:26] [DEBUG] [Environment] Resolved configuration values | GAME_WIDTH=1920 GAME_HEIGHT=1080 GAME_WINDOWED=1 GAME_BORDERLESS=1 DISABLE_CEF_GPU=1 MAJESTIC_PLATFORM=steam GTA_WINE_DRIVE=g MAJESTIC_PERMISSIONS=1,3,4 RESET_ROCKSTAR_DOCUMENTS=0 PROTON_VERB=waitforexitandrun APP_ID=271590 MAJESTIC_LAUNCHER_FLAGS=--no-sandbox --disable-dev-shm-usage --disable-gpu-sandbox
[2026-06-08 09:59:26] [INFO] [Dependencies] Checking base dependencies
[2026-06-08 09:59:26] [DEBUG] [Dependencies] Checking required command | command=node
[2026-06-08 09:59:26] [DEBUG] [Dependencies] Required command found | command=node path=/usr/bin/node version=v22.22.2
[2026-06-08 09:59:26] [DEBUG] [Dependencies] Checking required command | command=perl
[2026-06-08 09:59:26] [DEBUG] [Dependencies] Required command found | command=perl path=/usr/bin/perl version=unknown
[2026-06-08 09:59:26] [DEBUG] [Dependencies] Checking required command | command=sed
[2026-06-08 09:59:26] [DEBUG] [Dependencies] Required command found | command=sed path=/usr/bin/sed version=sed (GNU sed) 4.9
[2026-06-08 09:59:26] [DEBUG] [Dependencies] Checking required command | command=find
[2026-06-08 09:59:26] [DEBUG] [Dependencies] Required command found | command=find path=/usr/bin/find version=find (GNU findutils) 4.10.0
[2026-06-08 09:59:26] [SUCCESS] [Dependencies] Base dependencies are available
[2026-06-08 09:59:26] [DEBUG] [Proton] Validating Proton verb | PROTON_VERB=waitforexitandrun
[2026-06-08 09:59:26] [SUCCESS] [Proton] Proton verb is supported | PROTON_VERB=waitforexitandrun
[2026-06-08 09:59:26] [INFO] [Steam] Checking Steam installation | STEAM_ROOT=/home/joker/.local/share/Steam
[2026-06-08 09:59:26] [SUCCESS] [Steam] Using configured Steam root | STEAM_ROOT=/home/joker/.local/share/Steam
[2026-06-08 09:59:26] [INFO] [GTA] Checking GTA V installation | GTA_PATH=/home/joker/.local/share/Steam/steamapps/common/Grand Theft Auto V
[2026-06-08 09:59:26] [SUCCESS] [GTA] Using configured GTA V path | GTA_PATH=/home/joker/.local/share/Steam/steamapps/common/Grand Theft Auto V
[2026-06-08 09:59:26] [INFO] [GTA] Detected GTA V platform from files | detected=steam configured=steam GTA_PATH=/home/joker/.local/share/Steam/steamapps/common/Grand Theft Auto V
[2026-06-08 09:59:26] [INFO] [GTA] Searching GTA V Steam manifest | GTA_PATH=/home/joker/.local/share/Steam/steamapps/common/Grand Theft Auto V
[2026-06-08 09:59:26] [DEBUG] [Steam] Adding Steam library root | root=/home/joker/.local/share/Steam
[2026-06-08 09:59:26] [DEBUG] [Steam] Reading Steam library folders | file=/home/joker/.local/share/Steam/steamapps/libraryfolders.vdf
[2026-06-08 09:59:26] [DEBUG] [Steam] Adding Steam library root from VDF | root=/home/joker/.local/share/Steam
[2026-06-08 09:59:26] [DEBUG] [GTA] Checking Steam manifest | manifest=/home/joker/.local/share/Steam/steamapps/appmanifest_1070560.acf installdir=SteamLinuxRuntime appdir=/home/joker/.local/share/Steam/steamapps/common/SteamLinuxRuntime
[2026-06-08 09:59:26] [DEBUG] [Steam] Ignoring invalid Steam library root from VDF | root=/mnt/storage/SteamLibrary
[2026-06-08 09:59:26] [DEBUG] [GTA] Checking Steam manifest | manifest=/home/joker/.local/share/Steam/steamapps/appmanifest_1391110.acf installdir=SteamLinuxRuntime_soldier appdir=/home/joker/.local/share/Steam/steamapps/common/SteamLinuxRuntime_soldier
[2026-06-08 09:59:26] [DEBUG] [GTA] Checking Steam manifest | manifest=/home/joker/.local/share/Steam/steamapps/appmanifest_1493710.acf installdir=Proton - Experimental appdir=/home/joker/.local/share/Steam/steamapps/common/Proton - Experimental
[2026-06-08 09:59:26] [DEBUG] [GTA] Checking Steam manifest | manifest=/home/joker/.local/share/Steam/steamapps/appmanifest_1628350.acf installdir=SteamLinuxRuntime_sniper appdir=/home/joker/.local/share/Steam/steamapps/common/SteamLinuxRuntime_sniper
[2026-06-08 09:59:26] [DEBUG] [GTA] Checking Steam manifest | manifest=/home/joker/.local/share/Steam/steamapps/appmanifest_2060160.acf installdir=The Farmer Was Replaced appdir=/home/joker/.local/share/Steam/steamapps/common/The Farmer Was Replaced
[2026-06-08 09:59:26] [DEBUG] [GTA] Checking Steam manifest | manifest=/home/joker/.local/share/Steam/steamapps/appmanifest_2180100.acf installdir=Proton Hotfix appdir=/home/joker/.local/share/Steam/steamapps/common/Proton Hotfix
[2026-06-08 09:59:26] [DEBUG] [GTA] Checking Steam manifest | manifest=/home/joker/.local/share/Steam/steamapps/appmanifest_228980.acf installdir=Steamworks Shared appdir=/home/joker/.local/share/Steam/steamapps/common/Steamworks Shared
[2026-06-08 09:59:26] [DEBUG] [GTA] Checking Steam manifest | manifest=/home/joker/.local/share/Steam/steamapps/appmanifest_271590.acf installdir=Grand Theft Auto V appdir=/home/joker/.local/share/Steam/steamapps/common/Grand Theft Auto V
[2026-06-08 09:59:26] [SUCCESS] [GTA] GTA V Steam manifest found by path match | manifest=/home/joker/.local/share/Steam/steamapps/appmanifest_271590.acf
[2026-06-08 09:59:26] [INFO] [GTA] Detected GTA AppID | APP_ID=271590
[2026-06-08 09:59:26] [INFO] [Environment] Checking Proton compatdata prefix | STEAM_COMPAT_DATA_PATH=/home/joker/.local/share/Steam/steamapps/compatdata/271590 APP_ID=271590
[2026-06-08 09:59:26] [SUCCESS] [Environment] Using configured Proton compatdata prefix | COMPATDATA=/home/joker/.local/share/Steam/steamapps/compatdata/271590
[2026-06-08 09:59:26] [INFO] [Proton] Forcing Windows 10 for Proton prefix | APP_ID=271590
[2026-06-08 09:59:31] [INFO] [Proton] Checking Proton installation | PROTON_PATH=/home/joker/.local/share/Steam/steamapps/common/Proton - Experimental/proton
[2026-06-08 09:59:31] [SUCCESS] [Proton] Using configured Proton executable | PROTON=/home/joker/.local/share/Steam/steamapps/common/Proton - Experimental/proton
[2026-06-08 09:59:31] [INFO] [Majestic] Searching Majestic Launcher executable | MAJESTIC_EXE=/home/joker/.local/share/Steam/steamapps/compatdata/3203438987/pfx/drive_c/users/steamuser/AppData/Local/MajesticLauncher/Majestic Launcher.exe
[2026-06-08 09:59:31] [SUCCESS] [Majestic] Using configured Majestic Launcher executable | MAJESTIC_EXE=/home/joker/.local/share/Steam/steamapps/compatdata/3203438987/pfx/drive_c/users/steamuser/AppData/Local/MajesticLauncher/Majestic Launcher.exe
[2026-06-08 09:59:31] [DEBUG] [Environment] Resolved launch paths | STEAM_ROOT=/home/joker/.local/share/Steam COMPATDATA=/home/joker/.local/share/Steam/steamapps/compatdata/271590 GTA_PATH=/home/joker/.local/share/Steam/steamapps/common/Grand Theft Auto V MAJESTIC_EXE=/home/joker/.local/share/Steam/steamapps/compatdata/3203438987/pfx/drive_c/users/steamuser/AppData/Local/MajesticLauncher/Majestic Launcher.exe MAJESTIC_DIR=/home/joker/.local/share/Steam/steamapps/compatdata/3203438987/pfx/drive_c/users/steamuser/AppData/Local/MajesticLauncher PROTON=/home/joker/.local/share/Steam/steamapps/common/Proton - Experimental/proton
[2026-06-08 09:59:31] [INFO] [Wine] Creating Wine dosdevices directory | directory=/home/joker/.local/share/Steam/steamapps/compatdata/271590/pfx/dosdevices
[2026-06-08 09:59:31] [INFO] [Wine] Mapping Wine drive to GTA V | command=ln -sfn /home/joker/.local/share/Steam/steamapps/common/Grand Theft Auto V /home/joker/.local/share/Steam/steamapps/compatdata/271590/pfx/dosdevices/g:
[2026-06-08 09:59:31] [SUCCESS] [Wine] Wine drive mapped to GTA V | drive=G: target=/home/joker/.local/share/Steam/steamapps/common/Grand Theft Auto V
[2026-06-08 09:59:31] [INFO] [GTA] Writing GTA commandline.txt | file=/home/joker/.local/share/Steam/steamapps/common/Grand Theft Auto V/commandline.txt
[2026-06-08 09:59:31] [INFO] [Files] Creating file backup | source=/home/joker/.local/share/Steam/steamapps/common/Grand Theft Auto V/commandline.txt backup=/home/joker/.local/share/Steam/steamapps/common/Grand Theft Auto V/commandline.txt.majestic-proton-bak
[2026-06-08 09:59:31] [SUCCESS] [Files] File backup created | backup=/home/joker/.local/share/Steam/steamapps/common/Grand Theft Auto V/commandline.txt.majestic-proton-bak
[2026-06-08 09:59:31] [SUCCESS] [GTA] GTA commandline.txt written | file=/home/joker/.local/share/Steam/steamapps/common/Grand Theft Auto V/commandline.txt width=1920 height=1080 windowed=1 borderless=1
[2026-06-08 09:59:31] [INFO] [GTA] Patching GTA settings.xml | file=/home/joker/.local/share/Steam/steamapps/compatdata/271590/pfx/drive_c/users/steamuser/Documents/Rockstar Games/GTA V/settings.xml width=1920 height=1080 windowed=1
[2026-06-08 09:59:31] [INFO] [Files] Creating file backup | source=/home/joker/.local/share/Steam/steamapps/compatdata/271590/pfx/drive_c/users/steamuser/Documents/Rockstar Games/GTA V/settings.xml backup=/home/joker/.local/share/Steam/steamapps/compatdata/271590/pfx/drive_c/users/steamuser/Documents/Rockstar Games/GTA V/settings.xml.majestic-proton-bak
[2026-06-08 09:59:31] [SUCCESS] [Files] File backup created | backup=/home/joker/.local/share/Steam/steamapps/compatdata/271590/pfx/drive_c/users/steamuser/Documents/Rockstar Games/GTA V/settings.xml.majestic-proton-bak
[2026-06-08 09:59:31] [SUCCESS] [GTA] GTA settings.xml patched | file=/home/joker/.local/share/Steam/steamapps/compatdata/271590/pfx/drive_c/users/steamuser/Documents/Rockstar Games/GTA V/settings.xml
[2026-06-08 09:59:31] [INFO] [Majestic] Checking Majestic runtime configuration files
[2026-06-08 09:59:31] [DEBUG] [Majestic] Majestic multiplayer configuration not found | file=/home/joker/.local/share/Steam/steamapps/compatdata/271590/pfx/drive_c/users/steamuser/AppData/Roaming/majestic-launcher/Multiplayer/majestic.json
[2026-06-08 09:59:31] [DEBUG] [Majestic] Majestic permission cache root not found | cache_root=/home/joker/.local/share/Steam/steamapps/compatdata/271590/pfx/drive_c/users/steamuser/AppData/Roaming/majestic-launcher/Multiplayer/cache
[2026-06-08 09:59:31] [DEBUG] [Rockstar] Rockstar Documents reset disabled | RESET_ROCKSTAR_DOCUMENTS=0
[2026-06-08 09:59:31] [INFO] [Patcher] Checking Majestic Electron resources | resources=/home/joker/.local/share/Steam/steamapps/compatdata/3203438987/pfx/drive_c/users/steamuser/AppData/Local/MajesticLauncher/resources app_asar=/home/joker/.local/share/Steam/steamapps/compatdata/3203438987/pfx/drive_c/users/steamuser/AppData/Local/MajesticLauncher/resources/app.asar
[2026-06-08 09:59:31] [INFO] [Patcher] JS patcher verified | patcher=/home/joker/Загрузки/Telegram Desktop/majes/resources/destfolder/pather/majestic-rp-linux/majestic-proton-js-patcher.js required_marker=MAJESTIC_PROTON_INDEX_COMPAT_V4
[2026-06-08 09:59:31] [INFO] [Patcher] Searching asar tool
[2026-06-08 09:59:31] [DEBUG] [Patcher] Checking asar candidate | candidate=/home/joker/Загрузки/Telegram Desktop/majes/resources/destfolder/pather/majestic-rp-linux/node_modules/.bin/asar
[2026-06-08 09:59:31] [DEBUG] [Patcher] Checking asar candidate | candidate=/home/joker/.npm-global/bin/asar
[2026-06-08 09:59:31] [SUCCESS] [Patcher] asar tool found | asar=/home/joker/.npm-global/bin/asar
[2026-06-08 09:59:31] [INFO] [Patcher] Preparing temporary app.asar workspace | tmp=/home/joker/.local/share/Steam/steamapps/compatdata/3203438987/pfx/drive_c/users/steamuser/AppData/Local/MajesticLauncher/resources/app.asar.majestic-proton-work
[2026-06-08 09:59:31] [DEBUG] [Files] Removing previous temporary workspace | command=rm -rf /home/joker/.local/share/Steam/steamapps/compatdata/3203438987/pfx/drive_c/users/steamuser/AppData/Local/MajesticLauncher/resources/app.asar.majestic-proton-work
[2026-06-08 09:59:31] [DEBUG] [Files] Creating temporary workspace | command=mkdir -p /home/joker/.local/share/Steam/steamapps/compatdata/3203438987/pfx/drive_c/users/steamuser/AppData/Local/MajesticLauncher/resources/app.asar.majestic-proton-work
[2026-06-08 09:59:31] [INFO] [Files] Creating file backup | source=/home/joker/.local/share/Steam/steamapps/compatdata/3203438987/pfx/drive_c/users/steamuser/AppData/Local/MajesticLauncher/resources/app.asar backup=/home/joker/.local/share/Steam/steamapps/compatdata/3203438987/pfx/drive_c/users/steamuser/AppData/Local/MajesticLauncher/resources/app.asar.majestic-proton-bak
[2026-06-08 09:59:31] [SUCCESS] [Files] File backup created | backup=/home/joker/.local/share/Steam/steamapps/compatdata/3203438987/pfx/drive_c/users/steamuser/AppData/Local/MajesticLauncher/resources/app.asar.majestic-proton-bak
[2026-06-08 09:59:31] [INFO] [Patcher] Extracting app.asar | command=/home/joker/.npm-global/bin/asar extract /home/joker/.local/share/Steam/steamapps/compatdata/3203438987/pfx/drive_c/users/steamuser/AppData/Local/MajesticLauncher/resources/app.asar /home/joker/.local/share/Steam/steamapps/compatdata/3203438987/pfx/drive_c/users/steamuser/AppData/Local/MajesticLauncher/resources/app.asar.majestic-proton-work
[2026-06-08 09:59:31] [INFO] [Patcher] Executing Majestic Proton JS patcher | command=node /home/joker/Загрузки/Telegram Desktop/majes/resources/destfolder/pather/majestic-rp-linux/majestic-proton-js-patcher.js /home/joker/.local/share/Steam/steamapps/compatdata/3203438987/pfx/drive_c/users/steamuser/AppData/Local/MajesticLauncher/resources/app.asar.majestic-proton-work 1,3,4
[2026-06-08 09:59:31] [INFO] [Patcher] Starting Majestic Proton JS patcher | {"root":"/home/joker/.local/share/Steam/steamapps/compatdata/3203438987/pfx/drive_c/users/steamuser/AppData/Local/MajesticLauncher/resources/app.asar.majestic-proton-work","permissions":"1,3,4","scriptDir":"/home/joker/Загрузки/Telegram Desktop/majes/resources/destfolder/pather/majestic-rp-linux","logFile":"/home/joker/Загрузки/Telegram Desktop/majes/resources/destfolder/pather/majestic-rp-linux/logs/majestic-proton.log","node":"v22.22.2","platform":"linux","asarBin":"asar"}
[2026-06-08 09:59:31] [DEBUG] [Environment] Relevant environment values | {}
[2026-06-08 09:59:31] [INFO] [Patcher] Resolving patch targets | {"inputPath":"/home/joker/.local/share/Steam/steamapps/compatdata/3203438987/pfx/drive_c/users/steamuser/AppData/Local/MajesticLauncher/resources/app.asar.majestic-proton-work","resolvedRoot":"/home/joker/.local/share/Steam/steamapps/compatdata/3203438987/pfx/drive_c/users/steamuser/AppData/Local/MajesticLauncher/resources/app.asar.majestic-proton-work","appAsarFromRoot":"/home/joker/.local/share/Steam/steamapps/compatdata/3203438987/pfx/drive_c/users/steamuser/AppData/Local/MajesticLauncher/resources/app.asar.majestic-proton-work/app.asar","siblingAppAsar":"/home/joker/.local/share/Steam/steamapps/compatdata/3203438987/pfx/drive_c/users/steamuser/AppData/Local/MajesticLauncher/resources/app.asar","extractedIndexPath":"/home/joker/.local/share/Steam/steamapps/compatdata/3203438987/pfx/drive_c/users/steamuser/AppData/Local/MajesticLauncher/resources/app.asar.majestic-proton-work/dist/electron/main/index.js"}
[2026-06-08 09:59:31] [SUCCESS] [Patcher] Resolved extracted app directory target | {"mode":"extracted","appRoot":"/home/joker/.local/share/Steam/steamapps/compatdata/3203438987/pfx/drive_c/users/steamuser/AppData/Local/MajesticLauncher/resources/app.asar.majestic-proton-work","resourcesDir":"/home/joker/.local/share/Steam/steamapps/compatdata/3203438987/pfx/drive_c/users/steamuser/AppData/Local/MajesticLauncher/resources","asarPath":"","unpackedRoot":"/home/joker/.local/share/Steam/steamapps/compatdata/3203438987/pfx/drive_c/users/steamuser/AppData/Local/MajesticLauncher/resources/app.asar.majestic-proton-work","cleanupRoot":""}
[2026-06-08 09:59:31] [DEBUG] [Patcher] Resolved patch file paths | {"indexPath":"/home/joker/.local/share/Steam/steamapps/compatdata/3203438987/pfx/drive_c/users/steamuser/AppData/Local/MajesticLauncher/resources/app.asar.majestic-proton-work/dist/electron/main/index.js","workerPath":"/home/joker/.local/share/Steam/steamapps/compatdata/3203438987/pfx/drive_c/users/steamuser/AppData/Local/MajesticLauncher/resources/app.asar.majestic-proton-work/dist/electron/main/gamePatcher.js"}
[2026-06-08 09:59:31] [DEBUG] [Patcher] ASAR extraction skipped for extracted target | {"mode":"extracted","appRoot":"/home/joker/.local/share/Steam/steamapps/compatdata/3203438987/pfx/drive_c/users/steamuser/AppData/Local/MajesticLauncher/resources/app.asar.majestic-proton-work","resourcesDir":"/home/joker/.local/share/Steam/steamapps/compatdata/3203438987/pfx/drive_c/users/steamuser/AppData/Local/MajesticLauncher/resources","asarPath":"","unpackedRoot":"/home/joker/.local/share/Steam/steamapps/compatdata/3203438987/pfx/drive_c/users/steamuser/AppData/Local/MajesticLauncher/resources/app.asar.majestic-proton-work","cleanupRoot":""}
[2026-06-08 09:59:31] [INFO] [Patcher] Patching Majestic index.js | {"indexPath":"/home/joker/.local/share/Steam/steamapps/compatdata/3203438987/pfx/drive_c/users/steamuser/AppData/Local/MajesticLauncher/resources/app.asar.majestic-proton-work/dist/electron/main/index.js"}
[2026-06-08 09:59:31] [DEBUG] [Files] Reading text file | {"file":"/home/joker/.local/share/Steam/steamapps/compatdata/3203438987/pfx/drive_c/users/steamuser/AppData/Local/MajesticLauncher/resources/app.asar.majestic-proton-work/dist/electron/main/index.js"}
[2026-06-08 09:59:31] [DEBUG] [Patcher] Loaded index.js | {"indexPath":"/home/joker/.local/share/Steam/steamapps/compatdata/3203438987/pfx/drive_c/users/steamuser/AppData/Local/MajesticLauncher/resources/app.asar.majestic-proton-work/dist/electron/main/index.js","bytes":1090364,"hasIndexCompatMarker":true,"hasDirectMarker":true,"hasWorkerMarker":false}
[2026-06-08 09:59:31] [DEBUG] [Patcher] index.js compatibility marker already present | {"marker":"MAJESTIC_PROTON_INDEX_COMPAT_V4"}
[2026-06-08 09:59:31] [SUCCESS] [Patcher] index.js already contains Proton patch marker | {"hasDirectMarker":true,"hasWorkerMarker":false}
[2026-06-08 09:59:31] [INFO] [Patcher] Writing Proton gamePatcher.js adapter | {"workerPath":"/home/joker/.local/share/Steam/steamapps/compatdata/3203438987/pfx/drive_c/users/steamuser/AppData/Local/MajesticLauncher/resources/app.asar.majestic-proton-work/dist/electron/main/gamePatcher.js"}
[2026-06-08 09:59:31] [DEBUG] [Files] Ensuring worker directory exists | {"directory":"/home/joker/.local/share/Steam/steamapps/compatdata/3203438987/pfx/drive_c/users/steamuser/AppData/Local/MajesticLauncher/resources/app.asar.majestic-proton-work/dist/electron/main"}
[2026-06-08 09:59:31] [DEBUG] [Patcher] Parsed permission values | {"permissions":"1,3,4","permissionValues":[1,3,4]}
[2026-06-08 09:59:31] [INFO] [Files] Writing text file | {"file":"/home/joker/.local/share/Steam/steamapps/compatdata/3203438987/pfx/drive_c/users/steamuser/AppData/Local/MajesticLauncher/resources/app.asar.majestic-proton-work/dist/electron/main/gamePatcher.js","bytes":4299}
[2026-06-08 09:59:31] [SUCCESS] [Files] Text file written | {"file":"/home/joker/.local/share/Steam/steamapps/compatdata/3203438987/pfx/drive_c/users/steamuser/AppData/Local/MajesticLauncher/resources/app.asar.majestic-proton-work/dist/electron/main/gamePatcher.js"}
[2026-06-08 09:59:31] [SUCCESS] [Patcher] Proton gamePatcher.js adapter written | {"workerPath":"/home/joker/.local/share/Steam/steamapps/compatdata/3203438987/pfx/drive_c/users/steamuser/AppData/Local/MajesticLauncher/resources/app.asar.majestic-proton-work/dist/electron/main/gamePatcher.js","permissionValues":[1,3,4]}
[2026-06-08 09:59:31] [DEBUG] [Patcher] ASAR repack skipped for extracted target | {"mode":"extracted","appRoot":"/home/joker/.local/share/Steam/steamapps/compatdata/3203438987/pfx/drive_c/users/steamuser/AppData/Local/MajesticLauncher/resources/app.asar.majestic-proton-work","resourcesDir":"/home/joker/.local/share/Steam/steamapps/compatdata/3203438987/pfx/drive_c/users/steamuser/AppData/Local/MajesticLauncher/resources","asarPath":"","unpackedRoot":"/home/joker/.local/share/Steam/steamapps/compatdata/3203438987/pfx/drive_c/users/steamuser/AppData/Local/MajesticLauncher/resources/app.asar.majestic-proton-work","cleanupRoot":""}
[2026-06-08 09:59:31] [SUCCESS] [Patcher] Majestic Proton JS patch completed successfully | {"mode":"extracted","indexPath":"/home/joker/.local/share/Steam/steamapps/compatdata/3203438987/pfx/drive_c/users/steamuser/AppData/Local/MajesticLauncher/resources/app.asar.majestic-proton-work/dist/electron/main/index.js","workerPath":"/home/joker/.local/share/Steam/steamapps/compatdata/3203438987/pfx/drive_c/users/steamuser/AppData/Local/MajesticLauncher/resources/app.asar.majestic-proton-work/dist/electron/main/gamePatcher.js"}
[2026-06-08 09:59:31] [DEBUG] [Files] Cleanup skipped because no temporary directory was created
[2026-06-08 09:59:31] [INFO] [Patcher] Packing patched app.asar | command=/home/joker/.npm-global/bin/asar pack /home/joker/.local/share/Steam/steamapps/compatdata/3203438987/pfx/drive_c/users/steamuser/AppData/Local/MajesticLauncher/resources/app.asar.majestic-proton-work /home/joker/.local/share/Steam/steamapps/compatdata/3203438987/pfx/drive_c/users/steamuser/AppData/Local/MajesticLauncher/resources/app.asar
[2026-06-08 09:59:33] [DEBUG] [Files] Removing temporary workspace | command=rm -rf /home/joker/.local/share/Steam/steamapps/compatdata/3203438987/pfx/drive_c/users/steamuser/AppData/Local/MajesticLauncher/resources/app.asar.majestic-proton-work
[2026-06-08 09:59:33] [SUCCESS] [Patcher] Majestic Launcher JS patch completed | app_asar=/home/joker/.local/share/Steam/steamapps/compatdata/3203438987/pfx/drive_c/users/steamuser/AppData/Local/MajesticLauncher/resources/app.asar
[2026-06-08 09:59:33] [DEBUG] [Environment] Exported Proton and Majestic environment | STEAM_COMPAT_CLIENT_INSTALL_PATH=/home/joker/.local/share/Steam STEAM_COMPAT_DATA_PATH=/home/joker/.local/share/Steam/steamapps/compatdata/271590 STEAM_COMPAT_APP_ID=271590 SteamAppId=271590 SteamGameId=271590 WINEDLLOVERRIDES=winegstreamer=d MAJESTIC_PROTON_PLATFORM=steam MAJESTIC_GTA_WIN_PATH=G:\ MAJESTIC_DISABLE_CEF_GPU=1 ELECTRON_DISABLE_SANDBOX=1 ELECTRON_DISABLE_GPU=1
[2026-06-08 09:59:33] [INFO] [Launcher] Changing working directory to Majestic Launcher directory | directory=/home/joker/.local/share/Steam/steamapps/compatdata/3203438987/pfx/drive_c/users/steamuser/AppData/Local/MajesticLauncher
[2026-06-08 09:59:33] [INFO] [Launcher] Starting Majestic Launcher with Proton | PROTON_VERB=waitforexitandrun
[2026-06-08 09:59:33] [DEBUG] [Launcher] Majestic launch command | command=/home/joker/.local/share/Steam/steamapps/common/Proton - Experimental/proton waitforexitandrun /home/joker/.local/share/Steam/steamapps/compatdata/3203438987/pfx/drive_c/users/steamuser/AppData/Local/MajesticLauncher/Majestic Launcher.exe --no-sandbox --disable-dev-shm-usage --disable-gpu-sandbox platform=steam gta_win_path=G:\
[2026-06-08 09:59:33] [SUCCESS] [Launcher] Launcher preparation completed; handing control to Proton
[2026-06-08 10:02:14] [INFO] [Launcher] Starting Majestic Proton Launcher | script_dir=/home/joker/Загрузки/Telegram Desktop/majes/resources/destfolder/pather/majestic-rp-linux log_file=/home/joker/Загрузки/Telegram Desktop/majes/resources/destfolder/pather/majestic-rp-linux/logs/majestic-proton.log
[2026-06-08 10:02:14] [INFO] [Environment] Loading configuration file | CONFIG_FILE=/home/joker/Загрузки/Telegram Desktop/majes/resources/destfolder/pather/majestic-rp-linux/majestic-proton.conf
[2026-06-08 10:02:14] [DEBUG] [Environment] Resolved configuration values | GAME_WIDTH=1920 GAME_HEIGHT=1080 GAME_WINDOWED=1 GAME_BORDERLESS=1 DISABLE_CEF_GPU=1 MAJESTIC_PLATFORM=steam GTA_WINE_DRIVE=g MAJESTIC_PERMISSIONS=1,3,4 RESET_ROCKSTAR_DOCUMENTS=0 PROTON_VERB=waitforexitandrun APP_ID=271590 MAJESTIC_LAUNCHER_FLAGS=--no-sandbox --disable-dev-shm-usage --disable-gpu-sandbox
[2026-06-08 10:02:14] [INFO] [Dependencies] Checking base dependencies
[2026-06-08 10:02:14] [DEBUG] [Dependencies] Checking required command | command=node
[2026-06-08 10:02:14] [DEBUG] [Dependencies] Required command found | command=node path=/usr/bin/node version=v22.22.2
[2026-06-08 10:02:14] [DEBUG] [Dependencies] Checking required command | command=perl
[2026-06-08 10:02:14] [DEBUG] [Dependencies] Required command found | command=perl path=/usr/bin/perl version=unknown
[2026-06-08 10:02:14] [DEBUG] [Dependencies] Checking required command | command=sed
[2026-06-08 10:02:14] [DEBUG] [Dependencies] Required command found | command=sed path=/usr/bin/sed version=sed (GNU sed) 4.9
[2026-06-08 10:02:14] [DEBUG] [Dependencies] Checking required command | command=find
[2026-06-08 10:02:14] [DEBUG] [Dependencies] Required command found | command=find path=/usr/bin/find version=find (GNU findutils) 4.10.0
[2026-06-08 10:02:14] [SUCCESS] [Dependencies] Base dependencies are available
[2026-06-08 10:02:14] [DEBUG] [Proton] Validating Proton verb | PROTON_VERB=waitforexitandrun
[2026-06-08 10:02:14] [SUCCESS] [Proton] Proton verb is supported | PROTON_VERB=waitforexitandrun
[2026-06-08 10:02:14] [INFO] [Steam] Checking Steam installation | STEAM_ROOT=/home/joker/.local/share/Steam
[2026-06-08 10:02:14] [SUCCESS] [Steam] Using configured Steam root | STEAM_ROOT=/home/joker/.local/share/Steam
[2026-06-08 10:02:14] [INFO] [GTA] Checking GTA V installation | GTA_PATH=/home/joker/.local/share/Steam/steamapps/common/Grand Theft Auto V
[2026-06-08 10:02:14] [SUCCESS] [GTA] Using configured GTA V path | GTA_PATH=/home/joker/.local/share/Steam/steamapps/common/Grand Theft Auto V
[2026-06-08 10:02:14] [INFO] [GTA] Detected GTA V platform from files | detected=steam configured=steam GTA_PATH=/home/joker/.local/share/Steam/steamapps/common/Grand Theft Auto V
[2026-06-08 10:02:14] [INFO] [GTA] Searching GTA V Steam manifest | GTA_PATH=/home/joker/.local/share/Steam/steamapps/common/Grand Theft Auto V
[2026-06-08 10:02:14] [DEBUG] [Steam] Adding Steam library root | root=/home/joker/.local/share/Steam
[2026-06-08 10:02:14] [DEBUG] [Steam] Reading Steam library folders | file=/home/joker/.local/share/Steam/steamapps/libraryfolders.vdf
[2026-06-08 10:02:14] [DEBUG] [GTA] Checking Steam manifest | manifest=/home/joker/.local/share/Steam/steamapps/appmanifest_1070560.acf installdir=SteamLinuxRuntime appdir=/home/joker/.local/share/Steam/steamapps/common/SteamLinuxRuntime
[2026-06-08 10:02:14] [DEBUG] [Steam] Adding Steam library root from VDF | root=/home/joker/.local/share/Steam
[2026-06-08 10:02:14] [DEBUG] [Steam] Ignoring invalid Steam library root from VDF | root=/mnt/storage/SteamLibrary
[2026-06-08 10:02:14] [DEBUG] [GTA] Checking Steam manifest | manifest=/home/joker/.local/share/Steam/steamapps/appmanifest_1391110.acf installdir=SteamLinuxRuntime_soldier appdir=/home/joker/.local/share/Steam/steamapps/common/SteamLinuxRuntime_soldier
[2026-06-08 10:02:14] [DEBUG] [GTA] Checking Steam manifest | manifest=/home/joker/.local/share/Steam/steamapps/appmanifest_1493710.acf installdir=Proton - Experimental appdir=/home/joker/.local/share/Steam/steamapps/common/Proton - Experimental
[2026-06-08 10:02:14] [DEBUG] [GTA] Checking Steam manifest | manifest=/home/joker/.local/share/Steam/steamapps/appmanifest_1628350.acf installdir=SteamLinuxRuntime_sniper appdir=/home/joker/.local/share/Steam/steamapps/common/SteamLinuxRuntime_sniper
[2026-06-08 10:02:14] [DEBUG] [GTA] Checking Steam manifest | manifest=/home/joker/.local/share/Steam/steamapps/appmanifest_2060160.acf installdir=The Farmer Was Replaced appdir=/home/joker/.local/share/Steam/steamapps/common/The Farmer Was Replaced
[2026-06-08 10:02:14] [DEBUG] [GTA] Checking Steam manifest | manifest=/home/joker/.local/share/Steam/steamapps/appmanifest_2180100.acf installdir=Proton Hotfix appdir=/home/joker/.local/share/Steam/steamapps/common/Proton Hotfix
[2026-06-08 10:02:14] [DEBUG] [GTA] Checking Steam manifest | manifest=/home/joker/.local/share/Steam/steamapps/appmanifest_228980.acf installdir=Steamworks Shared appdir=/home/joker/.local/share/Steam/steamapps/common/Steamworks Shared
[2026-06-08 10:02:14] [DEBUG] [GTA] Checking Steam manifest | manifest=/home/joker/.local/share/Steam/steamapps/appmanifest_271590.acf installdir=Grand Theft Auto V appdir=/home/joker/.local/share/Steam/steamapps/common/Grand Theft Auto V
[2026-06-08 10:02:14] [SUCCESS] [GTA] GTA V Steam manifest found by path match | manifest=/home/joker/.local/share/Steam/steamapps/appmanifest_271590.acf
[2026-06-08 10:02:14] [INFO] [GTA] Detected GTA AppID | APP_ID=271590
[2026-06-08 10:02:14] [INFO] [Environment] Checking Proton compatdata prefix | STEAM_COMPAT_DATA_PATH=/home/joker/.local/share/Steam/steamapps/compatdata/271590 APP_ID=271590
[2026-06-08 10:02:14] [SUCCESS] [Environment] Using configured Proton compatdata prefix | COMPATDATA=/home/joker/.local/share/Steam/steamapps/compatdata/271590
[2026-06-08 10:02:14] [INFO] [Proton] Forcing Windows 10 for Proton prefix | APP_ID=271590
[2026-06-08 10:02:19] [INFO] [Proton] Checking Proton installation | PROTON_PATH=/home/joker/.local/share/Steam/steamapps/common/Proton - Experimental/proton
[2026-06-08 10:02:19] [SUCCESS] [Proton] Using configured Proton executable | PROTON=/home/joker/.local/share/Steam/steamapps/common/Proton - Experimental/proton
[2026-06-08 10:02:19] [INFO] [Majestic] Searching Majestic Launcher executable | MAJESTIC_EXE=/home/joker/.local/share/Steam/steamapps/compatdata/3203438987/pfx/drive_c/users/steamuser/AppData/Local/MajesticLauncher/Majestic Launcher.exe
[2026-06-08 10:02:19] [SUCCESS] [Majestic] Using configured Majestic Launcher executable | MAJESTIC_EXE=/home/joker/.local/share/Steam/steamapps/compatdata/3203438987/pfx/drive_c/users/steamuser/AppData/Local/MajesticLauncher/Majestic Launcher.exe
[2026-06-08 10:02:19] [DEBUG] [Environment] Resolved launch paths | STEAM_ROOT=/home/joker/.local/share/Steam COMPATDATA=/home/joker/.local/share/Steam/steamapps/compatdata/271590 GTA_PATH=/home/joker/.local/share/Steam/steamapps/common/Grand Theft Auto V MAJESTIC_EXE=/home/joker/.local/share/Steam/steamapps/compatdata/3203438987/pfx/drive_c/users/steamuser/AppData/Local/MajesticLauncher/Majestic Launcher.exe MAJESTIC_DIR=/home/joker/.local/share/Steam/steamapps/compatdata/3203438987/pfx/drive_c/users/steamuser/AppData/Local/MajesticLauncher PROTON=/home/joker/.local/share/Steam/steamapps/common/Proton - Experimental/proton
[2026-06-08 10:02:19] [INFO] [Wine] Creating Wine dosdevices directory | directory=/home/joker/.local/share/Steam/steamapps/compatdata/271590/pfx/dosdevices
[2026-06-08 10:02:19] [INFO] [Wine] Mapping Wine drive to GTA V | command=ln -sfn /home/joker/.local/share/Steam/steamapps/common/Grand Theft Auto V /home/joker/.local/share/Steam/steamapps/compatdata/271590/pfx/dosdevices/g:
[2026-06-08 10:02:19] [SUCCESS] [Wine] Wine drive mapped to GTA V | drive=G: target=/home/joker/.local/share/Steam/steamapps/common/Grand Theft Auto V
[2026-06-08 10:02:19] [INFO] [GTA] Writing GTA commandline.txt | file=/home/joker/.local/share/Steam/steamapps/common/Grand Theft Auto V/commandline.txt
[2026-06-08 10:02:19] [DEBUG] [Files] Backup already exists | backup=/home/joker/.local/share/Steam/steamapps/common/Grand Theft Auto V/commandline.txt.majestic-proton-bak
[2026-06-08 10:02:19] [SUCCESS] [GTA] GTA commandline.txt written | file=/home/joker/.local/share/Steam/steamapps/common/Grand Theft Auto V/commandline.txt width=1920 height=1080 windowed=1 borderless=1
[2026-06-08 10:02:19] [INFO] [GTA] Patching GTA settings.xml | file=/home/joker/.local/share/Steam/steamapps/compatdata/271590/pfx/drive_c/users/steamuser/Documents/Rockstar Games/GTA V/settings.xml width=1920 height=1080 windowed=1
[2026-06-08 10:02:19] [DEBUG] [Files] Backup already exists | backup=/home/joker/.local/share/Steam/steamapps/compatdata/271590/pfx/drive_c/users/steamuser/Documents/Rockstar Games/GTA V/settings.xml.majestic-proton-bak
[2026-06-08 10:02:19] [SUCCESS] [GTA] GTA settings.xml patched | file=/home/joker/.local/share/Steam/steamapps/compatdata/271590/pfx/drive_c/users/steamuser/Documents/Rockstar Games/GTA V/settings.xml
[2026-06-08 10:02:19] [INFO] [Majestic] Checking Majestic runtime configuration files
[2026-06-08 10:02:19] [DEBUG] [Majestic] Majestic multiplayer configuration not found | file=/home/joker/.local/share/Steam/steamapps/compatdata/271590/pfx/drive_c/users/steamuser/AppData/Roaming/majestic-launcher/Multiplayer/majestic.json
[2026-06-08 10:02:19] [DEBUG] [Majestic] Majestic permission cache root not found | cache_root=/home/joker/.local/share/Steam/steamapps/compatdata/271590/pfx/drive_c/users/steamuser/AppData/Roaming/majestic-launcher/Multiplayer/cache
[2026-06-08 10:02:19] [DEBUG] [Rockstar] Rockstar Documents reset disabled | RESET_ROCKSTAR_DOCUMENTS=0
[2026-06-08 10:02:19] [INFO] [Patcher] Checking Majestic Electron resources | resources=/home/joker/.local/share/Steam/steamapps/compatdata/3203438987/pfx/drive_c/users/steamuser/AppData/Local/MajesticLauncher/resources app_asar=/home/joker/.local/share/Steam/steamapps/compatdata/3203438987/pfx/drive_c/users/steamuser/AppData/Local/MajesticLauncher/resources/app.asar
[2026-06-08 10:02:19] [INFO] [Patcher] JS patcher verified | patcher=/home/joker/Загрузки/Telegram Desktop/majes/resources/destfolder/pather/majestic-rp-linux/majestic-proton-js-patcher.js required_marker=MAJESTIC_PROTON_INDEX_COMPAT_V4
[2026-06-08 10:02:19] [INFO] [Patcher] Searching asar tool
[2026-06-08 10:02:19] [DEBUG] [Patcher] Checking asar candidate | candidate=/home/joker/Загрузки/Telegram Desktop/majes/resources/destfolder/pather/majestic-rp-linux/node_modules/.bin/asar
[2026-06-08 10:02:19] [DEBUG] [Patcher] Checking asar candidate | candidate=/home/joker/.npm-global/bin/asar
[2026-06-08 10:02:19] [SUCCESS] [Patcher] asar tool found | asar=/home/joker/.npm-global/bin/asar
[2026-06-08 10:02:19] [INFO] [Patcher] Preparing temporary app.asar workspace | tmp=/home/joker/.local/share/Steam/steamapps/compatdata/3203438987/pfx/drive_c/users/steamuser/AppData/Local/MajesticLauncher/resources/app.asar.majestic-proton-work
[2026-06-08 10:02:19] [DEBUG] [Files] Removing previous temporary workspace | command=rm -rf /home/joker/.local/share/Steam/steamapps/compatdata/3203438987/pfx/drive_c/users/steamuser/AppData/Local/MajesticLauncher/resources/app.asar.majestic-proton-work
[2026-06-08 10:02:19] [DEBUG] [Files] Creating temporary workspace | command=mkdir -p /home/joker/.local/share/Steam/steamapps/compatdata/3203438987/pfx/drive_c/users/steamuser/AppData/Local/MajesticLauncher/resources/app.asar.majestic-proton-work
[2026-06-08 10:02:19] [DEBUG] [Files] Backup already exists | backup=/home/joker/.local/share/Steam/steamapps/compatdata/3203438987/pfx/drive_c/users/steamuser/AppData/Local/MajesticLauncher/resources/app.asar.majestic-proton-bak
[2026-06-08 10:02:19] [INFO] [Patcher] Extracting app.asar | command=/home/joker/.npm-global/bin/asar extract /home/joker/.local/share/Steam/steamapps/compatdata/3203438987/pfx/drive_c/users/steamuser/AppData/Local/MajesticLauncher/resources/app.asar /home/joker/.local/share/Steam/steamapps/compatdata/3203438987/pfx/drive_c/users/steamuser/AppData/Local/MajesticLauncher/resources/app.asar.majestic-proton-work
[2026-06-08 10:02:19] [INFO] [Patcher] Executing Majestic Proton JS patcher | command=node /home/joker/Загрузки/Telegram Desktop/majes/resources/destfolder/pather/majestic-rp-linux/majestic-proton-js-patcher.js /home/joker/.local/share/Steam/steamapps/compatdata/3203438987/pfx/drive_c/users/steamuser/AppData/Local/MajesticLauncher/resources/app.asar.majestic-proton-work 1,3,4
[2026-06-08 10:02:19] [INFO] [Patcher] Starting Majestic Proton JS patcher | {"root":"/home/joker/.local/share/Steam/steamapps/compatdata/3203438987/pfx/drive_c/users/steamuser/AppData/Local/MajesticLauncher/resources/app.asar.majestic-proton-work","permissions":"1,3,4","scriptDir":"/home/joker/Загрузки/Telegram Desktop/majes/resources/destfolder/pather/majestic-rp-linux","logFile":"/home/joker/Загрузки/Telegram Desktop/majes/resources/destfolder/pather/majestic-rp-linux/logs/majestic-proton.log","node":"v22.22.2","platform":"linux","asarBin":"asar"}
[2026-06-08 10:02:19] [DEBUG] [Environment] Relevant environment values | {}
[2026-06-08 10:02:19] [INFO] [Patcher] Resolving patch targets | {"inputPath":"/home/joker/.local/share/Steam/steamapps/compatdata/3203438987/pfx/drive_c/users/steamuser/AppData/Local/MajesticLauncher/resources/app.asar.majestic-proton-work","resolvedRoot":"/home/joker/.local/share/Steam/steamapps/compatdata/3203438987/pfx/drive_c/users/steamuser/AppData/Local/MajesticLauncher/resources/app.asar.majestic-proton-work","appAsarFromRoot":"/home/joker/.local/share/Steam/steamapps/compatdata/3203438987/pfx/drive_c/users/steamuser/AppData/Local/MajesticLauncher/resources/app.asar.majestic-proton-work/app.asar","siblingAppAsar":"/home/joker/.local/share/Steam/steamapps/compatdata/3203438987/pfx/drive_c/users/steamuser/AppData/Local/MajesticLauncher/resources/app.asar","extractedIndexPath":"/home/joker/.local/share/Steam/steamapps/compatdata/3203438987/pfx/drive_c/users/steamuser/AppData/Local/MajesticLauncher/resources/app.asar.majestic-proton-work/dist/electron/main/index.js"}
[2026-06-08 10:02:19] [SUCCESS] [Patcher] Resolved extracted app directory target | {"mode":"extracted","appRoot":"/home/joker/.local/share/Steam/steamapps/compatdata/3203438987/pfx/drive_c/users/steamuser/AppData/Local/MajesticLauncher/resources/app.asar.majestic-proton-work","resourcesDir":"/home/joker/.local/share/Steam/steamapps/compatdata/3203438987/pfx/drive_c/users/steamuser/AppData/Local/MajesticLauncher/resources","asarPath":"","unpackedRoot":"/home/joker/.local/share/Steam/steamapps/compatdata/3203438987/pfx/drive_c/users/steamuser/AppData/Local/MajesticLauncher/resources/app.asar.majestic-proton-work","cleanupRoot":""}
[2026-06-08 10:02:19] [DEBUG] [Patcher] Resolved patch file paths | {"indexPath":"/home/joker/.local/share/Steam/steamapps/compatdata/3203438987/pfx/drive_c/users/steamuser/AppData/Local/MajesticLauncher/resources/app.asar.majestic-proton-work/dist/electron/main/index.js","workerPath":"/home/joker/.local/share/Steam/steamapps/compatdata/3203438987/pfx/drive_c/users/steamuser/AppData/Local/MajesticLauncher/resources/app.asar.majestic-proton-work/dist/electron/main/gamePatcher.js"}
[2026-06-08 10:02:19] [DEBUG] [Patcher] ASAR extraction skipped for extracted target | {"mode":"extracted","appRoot":"/home/joker/.local/share/Steam/steamapps/compatdata/3203438987/pfx/drive_c/users/steamuser/AppData/Local/MajesticLauncher/resources/app.asar.majestic-proton-work","resourcesDir":"/home/joker/.local/share/Steam/steamapps/compatdata/3203438987/pfx/drive_c/users/steamuser/AppData/Local/MajesticLauncher/resources","asarPath":"","unpackedRoot":"/home/joker/.local/share/Steam/steamapps/compatdata/3203438987/pfx/drive_c/users/steamuser/AppData/Local/MajesticLauncher/resources/app.asar.majestic-proton-work","cleanupRoot":""}
[2026-06-08 10:02:19] [INFO] [Patcher] Patching Majestic index.js | {"indexPath":"/home/joker/.local/share/Steam/steamapps/compatdata/3203438987/pfx/drive_c/users/steamuser/AppData/Local/MajesticLauncher/resources/app.asar.majestic-proton-work/dist/electron/main/index.js"}
[2026-06-08 10:02:19] [DEBUG] [Files] Reading text file | {"file":"/home/joker/.local/share/Steam/steamapps/compatdata/3203438987/pfx/drive_c/users/steamuser/AppData/Local/MajesticLauncher/resources/app.asar.majestic-proton-work/dist/electron/main/index.js"}
[2026-06-08 10:02:19] [DEBUG] [Patcher] Loaded index.js | {"indexPath":"/home/joker/.local/share/Steam/steamapps/compatdata/3203438987/pfx/drive_c/users/steamuser/AppData/Local/MajesticLauncher/resources/app.asar.majestic-proton-work/dist/electron/main/index.js","bytes":1090364,"hasIndexCompatMarker":true,"hasDirectMarker":true,"hasWorkerMarker":false}
[2026-06-08 10:02:19] [DEBUG] [Patcher] index.js compatibility marker already present | {"marker":"MAJESTIC_PROTON_INDEX_COMPAT_V4"}
[2026-06-08 10:02:19] [SUCCESS] [Patcher] index.js already contains Proton patch marker | {"hasDirectMarker":true,"hasWorkerMarker":false}
[2026-06-08 10:02:19] [INFO] [Patcher] Writing Proton gamePatcher.js adapter | {"workerPath":"/home/joker/.local/share/Steam/steamapps/compatdata/3203438987/pfx/drive_c/users/steamuser/AppData/Local/MajesticLauncher/resources/app.asar.majestic-proton-work/dist/electron/main/gamePatcher.js"}
[2026-06-08 10:02:19] [DEBUG] [Files] Ensuring worker directory exists | {"directory":"/home/joker/.local/share/Steam/steamapps/compatdata/3203438987/pfx/drive_c/users/steamuser/AppData/Local/MajesticLauncher/resources/app.asar.majestic-proton-work/dist/electron/main"}
[2026-06-08 10:02:19] [DEBUG] [Patcher] Parsed permission values | {"permissions":"1,3,4","permissionValues":[1,3,4]}
[2026-06-08 10:02:19] [INFO] [Files] Writing text file | {"file":"/home/joker/.local/share/Steam/steamapps/compatdata/3203438987/pfx/drive_c/users/steamuser/AppData/Local/MajesticLauncher/resources/app.asar.majestic-proton-work/dist/electron/main/gamePatcher.js","bytes":4299}
[2026-06-08 10:02:19] [SUCCESS] [Files] Text file written | {"file":"/home/joker/.local/share/Steam/steamapps/compatdata/3203438987/pfx/drive_c/users/steamuser/AppData/Local/MajesticLauncher/resources/app.asar.majestic-proton-work/dist/electron/main/gamePatcher.js"}
[2026-06-08 10:02:19] [SUCCESS] [Patcher] Proton gamePatcher.js adapter written | {"workerPath":"/home/joker/.local/share/Steam/steamapps/compatdata/3203438987/pfx/drive_c/users/steamuser/AppData/Local/MajesticLauncher/resources/app.asar.majestic-proton-work/dist/electron/main/gamePatcher.js","permissionValues":[1,3,4]}
[2026-06-08 10:02:19] [DEBUG] [Patcher] ASAR repack skipped for extracted target | {"mode":"extracted","appRoot":"/home/joker/.local/share/Steam/steamapps/compatdata/3203438987/pfx/drive_c/users/steamuser/AppData/Local/MajesticLauncher/resources/app.asar.majestic-proton-work","resourcesDir":"/home/joker/.local/share/Steam/steamapps/compatdata/3203438987/pfx/drive_c/users/steamuser/AppData/Local/MajesticLauncher/resources","asarPath":"","unpackedRoot":"/home/joker/.local/share/Steam/steamapps/compatdata/3203438987/pfx/drive_c/users/steamuser/AppData/Local/MajesticLauncher/resources/app.asar.majestic-proton-work","cleanupRoot":""}
[2026-06-08 10:02:19] [SUCCESS] [Patcher] Majestic Proton JS patch completed successfully | {"mode":"extracted","indexPath":"/home/joker/.local/share/Steam/steamapps/compatdata/3203438987/pfx/drive_c/users/steamuser/AppData/Local/MajesticLauncher/resources/app.asar.majestic-proton-work/dist/electron/main/index.js","workerPath":"/home/joker/.local/share/Steam/steamapps/compatdata/3203438987/pfx/drive_c/users/steamuser/AppData/Local/MajesticLauncher/resources/app.asar.majestic-proton-work/dist/electron/main/gamePatcher.js"}
[2026-06-08 10:02:19] [DEBUG] [Files] Cleanup skipped because no temporary directory was created
[2026-06-08 10:02:19] [INFO] [Patcher] Packing patched app.asar | command=/home/joker/.npm-global/bin/asar pack /home/joker/.local/share/Steam/steamapps/compatdata/3203438987/pfx/drive_c/users/steamuser/AppData/Local/MajesticLauncher/resources/app.asar.majestic-proton-work /home/joker/.local/share/Steam/steamapps/compatdata/3203438987/pfx/drive_c/users/steamuser/AppData/Local/MajesticLauncher/resources/app.asar
[2026-06-08 10:02:21] [DEBUG] [Files] Removing temporary workspace | command=rm -rf /home/joker/.local/share/Steam/steamapps/compatdata/3203438987/pfx/drive_c/users/steamuser/AppData/Local/MajesticLauncher/resources/app.asar.majestic-proton-work
[2026-06-08 10:02:21] [SUCCESS] [Patcher] Majestic Launcher JS patch completed | app_asar=/home/joker/.local/share/Steam/steamapps/compatdata/3203438987/pfx/drive_c/users/steamuser/AppData/Local/MajesticLauncher/resources/app.asar
[2026-06-08 10:02:21] [DEBUG] [Environment] Exported Proton and Majestic environment | STEAM_COMPAT_CLIENT_INSTALL_PATH=/home/joker/.local/share/Steam STEAM_COMPAT_DATA_PATH=/home/joker/.local/share/Steam/steamapps/compatdata/271590 STEAM_COMPAT_APP_ID=271590 SteamAppId=271590 SteamGameId=271590 WINEDLLOVERRIDES=winegstreamer=d MAJESTIC_PROTON_PLATFORM=steam MAJESTIC_GTA_WIN_PATH=G:\ MAJESTIC_DISABLE_CEF_GPU=1 ELECTRON_DISABLE_SANDBOX=1 ELECTRON_DISABLE_GPU=1
[2026-06-08 10:02:21] [INFO] [Launcher] Changing working directory to Majestic Launcher directory | directory=/home/joker/.local/share/Steam/steamapps/compatdata/3203438987/pfx/drive_c/users/steamuser/AppData/Local/MajesticLauncher
[2026-06-08 10:02:21] [INFO] [Launcher] Starting Majestic Launcher with Proton | PROTON_VERB=waitforexitandrun
[2026-06-08 10:02:21] [DEBUG] [Launcher] Majestic launch command | command=/home/joker/.local/share/Steam/steamapps/common/Proton - Experimental/proton waitforexitandrun /home/joker/.local/share/Steam/steamapps/compatdata/3203438987/pfx/drive_c/users/steamuser/AppData/Local/MajesticLauncher/Majestic Launcher.exe --no-sandbox --disable-dev-shm-usage --disable-gpu-sandbox platform=steam gta_win_path=G:\
[2026-06-08 10:02:21] [SUCCESS] [Launcher] Launcher preparation completed; handing control to Proton
[2026-06-08 10:03:40] [INFO] [Launcher] Starting Majestic Proton Launcher | script_dir=/home/joker/Загрузки/Telegram Desktop/majes/resources/destfolder/pather/majestic-rp-linux log_file=/home/joker/Загрузки/Telegram Desktop/majes/resources/destfolder/pather/majestic-rp-linux/logs/majestic-proton.log
[2026-06-08 10:03:40] [INFO] [Environment] Loading configuration file | CONFIG_FILE=/home/joker/Загрузки/Telegram Desktop/majes/resources/destfolder/pather/majestic-rp-linux/majestic-proton.conf
[2026-06-08 10:03:40] [DEBUG] [Environment] Resolved configuration values | GAME_WIDTH=1920 GAME_HEIGHT=1080 GAME_WINDOWED=1 GAME_BORDERLESS=1 DISABLE_CEF_GPU=1 MAJESTIC_PLATFORM=steam GTA_WINE_DRIVE=g MAJESTIC_PERMISSIONS=1,3,4 RESET_ROCKSTAR_DOCUMENTS=0 PROTON_VERB=waitforexitandrun APP_ID=271590 MAJESTIC_LAUNCHER_FLAGS=--no-sandbox --disable-dev-shm-usage --disable-gpu-sandbox
[2026-06-08 10:03:40] [INFO] [Dependencies] Checking base dependencies
[2026-06-08 10:03:40] [DEBUG] [Dependencies] Checking required command | command=node
[2026-06-08 10:03:40] [DEBUG] [Dependencies] Required command found | command=node path=/usr/bin/node version=v22.22.2
[2026-06-08 10:03:40] [DEBUG] [Dependencies] Checking required command | command=perl
[2026-06-08 10:03:40] [DEBUG] [Dependencies] Required command found | command=perl path=/usr/bin/perl version=unknown
[2026-06-08 10:03:40] [DEBUG] [Dependencies] Checking required command | command=sed
[2026-06-08 10:03:40] [DEBUG] [Dependencies] Required command found | command=sed path=/usr/bin/sed version=sed (GNU sed) 4.9
[2026-06-08 10:03:40] [DEBUG] [Dependencies] Checking required command | command=find
[2026-06-08 10:03:40] [DEBUG] [Dependencies] Required command found | command=find path=/usr/bin/find version=find (GNU findutils) 4.10.0
[2026-06-08 10:03:40] [SUCCESS] [Dependencies] Base dependencies are available
[2026-06-08 10:03:40] [DEBUG] [Proton] Validating Proton verb | PROTON_VERB=waitforexitandrun
[2026-06-08 10:03:40] [SUCCESS] [Proton] Proton verb is supported | PROTON_VERB=waitforexitandrun
[2026-06-08 10:03:40] [INFO] [Steam] Checking Steam installation | STEAM_ROOT=/home/joker/.local/share/Steam
[2026-06-08 10:03:40] [SUCCESS] [Steam] Using configured Steam root | STEAM_ROOT=/home/joker/.local/share/Steam
[2026-06-08 10:03:40] [INFO] [GTA] Checking GTA V installation | GTA_PATH=/home/joker/.local/share/Steam/steamapps/common/Grand Theft Auto V
[2026-06-08 10:03:40] [SUCCESS] [GTA] Using configured GTA V path | GTA_PATH=/home/joker/.local/share/Steam/steamapps/common/Grand Theft Auto V
[2026-06-08 10:03:40] [INFO] [GTA] Detected GTA V platform from files | detected=steam configured=steam GTA_PATH=/home/joker/.local/share/Steam/steamapps/common/Grand Theft Auto V
[2026-06-08 10:03:40] [INFO] [GTA] Searching GTA V Steam manifest | GTA_PATH=/home/joker/.local/share/Steam/steamapps/common/Grand Theft Auto V
[2026-06-08 10:03:40] [DEBUG] [Steam] Adding Steam library root | root=/home/joker/.local/share/Steam
[2026-06-08 10:03:40] [DEBUG] [Steam] Reading Steam library folders | file=/home/joker/.local/share/Steam/steamapps/libraryfolders.vdf
[2026-06-08 10:03:40] [DEBUG] [GTA] Checking Steam manifest | manifest=/home/joker/.local/share/Steam/steamapps/appmanifest_1070560.acf installdir=SteamLinuxRuntime appdir=/home/joker/.local/share/Steam/steamapps/common/SteamLinuxRuntime
[2026-06-08 10:03:40] [DEBUG] [Steam] Adding Steam library root from VDF | root=/home/joker/.local/share/Steam
[2026-06-08 10:03:40] [DEBUG] [Steam] Ignoring invalid Steam library root from VDF | root=/mnt/storage/SteamLibrary
[2026-06-08 10:03:40] [DEBUG] [GTA] Checking Steam manifest | manifest=/home/joker/.local/share/Steam/steamapps/appmanifest_1391110.acf installdir=SteamLinuxRuntime_soldier appdir=/home/joker/.local/share/Steam/steamapps/common/SteamLinuxRuntime_soldier
[2026-06-08 10:03:40] [DEBUG] [GTA] Checking Steam manifest | manifest=/home/joker/.local/share/Steam/steamapps/appmanifest_1493710.acf installdir=Proton - Experimental appdir=/home/joker/.local/share/Steam/steamapps/common/Proton - Experimental
[2026-06-08 10:03:40] [DEBUG] [GTA] Checking Steam manifest | manifest=/home/joker/.local/share/Steam/steamapps/appmanifest_1628350.acf installdir=SteamLinuxRuntime_sniper appdir=/home/joker/.local/share/Steam/steamapps/common/SteamLinuxRuntime_sniper
[2026-06-08 10:03:40] [DEBUG] [GTA] Checking Steam manifest | manifest=/home/joker/.local/share/Steam/steamapps/appmanifest_2060160.acf installdir=The Farmer Was Replaced appdir=/home/joker/.local/share/Steam/steamapps/common/The Farmer Was Replaced
[2026-06-08 10:03:40] [DEBUG] [GTA] Checking Steam manifest | manifest=/home/joker/.local/share/Steam/steamapps/appmanifest_2180100.acf installdir=Proton Hotfix appdir=/home/joker/.local/share/Steam/steamapps/common/Proton Hotfix
[2026-06-08 10:03:40] [DEBUG] [GTA] Checking Steam manifest | manifest=/home/joker/.local/share/Steam/steamapps/appmanifest_228980.acf installdir=Steamworks Shared appdir=/home/joker/.local/share/Steam/steamapps/common/Steamworks Shared
[2026-06-08 10:03:40] [DEBUG] [GTA] Checking Steam manifest | manifest=/home/joker/.local/share/Steam/steamapps/appmanifest_271590.acf installdir=Grand Theft Auto V appdir=/home/joker/.local/share/Steam/steamapps/common/Grand Theft Auto V
[2026-06-08 10:03:40] [SUCCESS] [GTA] GTA V Steam manifest found by path match | manifest=/home/joker/.local/share/Steam/steamapps/appmanifest_271590.acf
[2026-06-08 10:03:40] [INFO] [GTA] Detected GTA AppID | APP_ID=271590
[2026-06-08 10:03:40] [INFO] [Environment] Checking Proton compatdata prefix | STEAM_COMPAT_DATA_PATH=/home/joker/.local/share/Steam/steamapps/compatdata/271590 APP_ID=271590
[2026-06-08 10:03:40] [SUCCESS] [Environment] Using configured Proton compatdata prefix | COMPATDATA=/home/joker/.local/share/Steam/steamapps/compatdata/271590
[2026-06-08 10:03:40] [INFO] [Proton] Forcing Windows 10 for Proton prefix | APP_ID=271590
[2026-06-08 10:03:45] [INFO] [Proton] Checking Proton installation | PROTON_PATH=/home/joker/.local/share/Steam/steamapps/common/Proton - Experimental/proton
[2026-06-08 10:03:45] [SUCCESS] [Proton] Using configured Proton executable | PROTON=/home/joker/.local/share/Steam/steamapps/common/Proton - Experimental/proton
[2026-06-08 10:03:45] [INFO] [Majestic] Searching Majestic Launcher executable | MAJESTIC_EXE=/home/joker/.local/share/Steam/steamapps/compatdata/3203438987/pfx/drive_c/users/steamuser/AppData/Local/MajesticLauncher/Majestic Launcher.exe
[2026-06-08 10:03:45] [SUCCESS] [Majestic] Using configured Majestic Launcher executable | MAJESTIC_EXE=/home/joker/.local/share/Steam/steamapps/compatdata/3203438987/pfx/drive_c/users/steamuser/AppData/Local/MajesticLauncher/Majestic Launcher.exe
[2026-06-08 10:03:45] [DEBUG] [Environment] Resolved launch paths | STEAM_ROOT=/home/joker/.local/share/Steam COMPATDATA=/home/joker/.local/share/Steam/steamapps/compatdata/271590 GTA_PATH=/home/joker/.local/share/Steam/steamapps/common/Grand Theft Auto V MAJESTIC_EXE=/home/joker/.local/share/Steam/steamapps/compatdata/3203438987/pfx/drive_c/users/steamuser/AppData/Local/MajesticLauncher/Majestic Launcher.exe MAJESTIC_DIR=/home/joker/.local/share/Steam/steamapps/compatdata/3203438987/pfx/drive_c/users/steamuser/AppData/Local/MajesticLauncher PROTON=/home/joker/.local/share/Steam/steamapps/common/Proton - Experimental/proton
[2026-06-08 10:03:45] [INFO] [Wine] Creating Wine dosdevices directory | directory=/home/joker/.local/share/Steam/steamapps/compatdata/271590/pfx/dosdevices
[2026-06-08 10:03:45] [INFO] [Wine] Mapping Wine drive to GTA V | command=ln -sfn /home/joker/.local/share/Steam/steamapps/common/Grand Theft Auto V /home/joker/.local/share/Steam/steamapps/compatdata/271590/pfx/dosdevices/g:
[2026-06-08 10:03:45] [SUCCESS] [Wine] Wine drive mapped to GTA V | drive=G: target=/home/joker/.local/share/Steam/steamapps/common/Grand Theft Auto V
[2026-06-08 10:03:45] [INFO] [GTA] Writing GTA commandline.txt | file=/home/joker/.local/share/Steam/steamapps/common/Grand Theft Auto V/commandline.txt
[2026-06-08 10:03:45] [DEBUG] [Files] Backup already exists | backup=/home/joker/.local/share/Steam/steamapps/common/Grand Theft Auto V/commandline.txt.majestic-proton-bak
[2026-06-08 10:03:45] [SUCCESS] [GTA] GTA commandline.txt written | file=/home/joker/.local/share/Steam/steamapps/common/Grand Theft Auto V/commandline.txt width=1920 height=1080 windowed=1 borderless=1
[2026-06-08 10:03:45] [INFO] [GTA] Patching GTA settings.xml | file=/home/joker/.local/share/Steam/steamapps/compatdata/271590/pfx/drive_c/users/steamuser/Documents/Rockstar Games/GTA V/settings.xml width=1920 height=1080 windowed=1
[2026-06-08 10:03:45] [DEBUG] [Files] Backup already exists | backup=/home/joker/.local/share/Steam/steamapps/compatdata/271590/pfx/drive_c/users/steamuser/Documents/Rockstar Games/GTA V/settings.xml.majestic-proton-bak
[2026-06-08 10:03:45] [SUCCESS] [GTA] GTA settings.xml patched | file=/home/joker/.local/share/Steam/steamapps/compatdata/271590/pfx/drive_c/users/steamuser/Documents/Rockstar Games/GTA V/settings.xml
[2026-06-08 10:03:45] [INFO] [Majestic] Checking Majestic runtime configuration files
[2026-06-08 10:03:45] [DEBUG] [Majestic] Majestic multiplayer configuration not found | file=/home/joker/.local/share/Steam/steamapps/compatdata/271590/pfx/drive_c/users/steamuser/AppData/Roaming/majestic-launcher/Multiplayer/majestic.json
[2026-06-08 10:03:45] [DEBUG] [Majestic] Majestic permission cache root not found | cache_root=/home/joker/.local/share/Steam/steamapps/compatdata/271590/pfx/drive_c/users/steamuser/AppData/Roaming/majestic-launcher/Multiplayer/cache
[2026-06-08 10:03:45] [DEBUG] [Rockstar] Rockstar Documents reset disabled | RESET_ROCKSTAR_DOCUMENTS=0
[2026-06-08 10:03:45] [INFO] [Patcher] Checking Majestic Electron resources | resources=/home/joker/.local/share/Steam/steamapps/compatdata/3203438987/pfx/drive_c/users/steamuser/AppData/Local/MajesticLauncher/resources app_asar=/home/joker/.local/share/Steam/steamapps/compatdata/3203438987/pfx/drive_c/users/steamuser/AppData/Local/MajesticLauncher/resources/app.asar
[2026-06-08 10:03:45] [INFO] [Patcher] JS patcher verified | patcher=/home/joker/Загрузки/Telegram Desktop/majes/resources/destfolder/pather/majestic-rp-linux/majestic-proton-js-patcher.js required_marker=MAJESTIC_PROTON_INDEX_COMPAT_V4
[2026-06-08 10:03:45] [INFO] [Patcher] Searching asar tool
[2026-06-08 10:03:45] [DEBUG] [Patcher] Checking asar candidate | candidate=/home/joker/Загрузки/Telegram Desktop/majes/resources/destfolder/pather/majestic-rp-linux/node_modules/.bin/asar
[2026-06-08 10:03:45] [DEBUG] [Patcher] Checking asar candidate | candidate=/home/joker/.npm-global/bin/asar
[2026-06-08 10:03:45] [SUCCESS] [Patcher] asar tool found | asar=/home/joker/.npm-global/bin/asar
[2026-06-08 10:03:45] [INFO] [Patcher] Preparing temporary app.asar workspace | tmp=/home/joker/.local/share/Steam/steamapps/compatdata/3203438987/pfx/drive_c/users/steamuser/AppData/Local/MajesticLauncher/resources/app.asar.majestic-proton-work
[2026-06-08 10:03:45] [DEBUG] [Files] Removing previous temporary workspace | command=rm -rf /home/joker/.local/share/Steam/steamapps/compatdata/3203438987/pfx/drive_c/users/steamuser/AppData/Local/MajesticLauncher/resources/app.asar.majestic-proton-work
[2026-06-08 10:03:45] [DEBUG] [Files] Creating temporary workspace | command=mkdir -p /home/joker/.local/share/Steam/steamapps/compatdata/3203438987/pfx/drive_c/users/steamuser/AppData/Local/MajesticLauncher/resources/app.asar.majestic-proton-work
[2026-06-08 10:03:45] [DEBUG] [Files] Backup already exists | backup=/home/joker/.local/share/Steam/steamapps/compatdata/3203438987/pfx/drive_c/users/steamuser/AppData/Local/MajesticLauncher/resources/app.asar.majestic-proton-bak
[2026-06-08 10:03:45] [INFO] [Patcher] Extracting app.asar | command=/home/joker/.npm-global/bin/asar extract /home/joker/.local/share/Steam/steamapps/compatdata/3203438987/pfx/drive_c/users/steamuser/AppData/Local/MajesticLauncher/resources/app.asar /home/joker/.local/share/Steam/steamapps/compatdata/3203438987/pfx/drive_c/users/steamuser/AppData/Local/MajesticLauncher/resources/app.asar.majestic-proton-work
[2026-06-08 10:03:45] [INFO] [Patcher] Executing Majestic Proton JS patcher | command=node /home/joker/Загрузки/Telegram Desktop/majes/resources/destfolder/pather/majestic-rp-linux/majestic-proton-js-patcher.js /home/joker/.local/share/Steam/steamapps/compatdata/3203438987/pfx/drive_c/users/steamuser/AppData/Local/MajesticLauncher/resources/app.asar.majestic-proton-work 1,3,4
[2026-06-08 10:03:45] [INFO] [Patcher] Starting Majestic Proton JS patcher | {"root":"/home/joker/.local/share/Steam/steamapps/compatdata/3203438987/pfx/drive_c/users/steamuser/AppData/Local/MajesticLauncher/resources/app.asar.majestic-proton-work","permissions":"1,3,4","scriptDir":"/home/joker/Загрузки/Telegram Desktop/majes/resources/destfolder/pather/majestic-rp-linux","logFile":"/home/joker/Загрузки/Telegram Desktop/majes/resources/destfolder/pather/majestic-rp-linux/logs/majestic-proton.log","node":"v22.22.2","platform":"linux","asarBin":"asar"}
[2026-06-08 10:03:45] [DEBUG] [Environment] Relevant environment values | {}
[2026-06-08 10:03:45] [INFO] [Patcher] Resolving patch targets | {"inputPath":"/home/joker/.local/share/Steam/steamapps/compatdata/3203438987/pfx/drive_c/users/steamuser/AppData/Local/MajesticLauncher/resources/app.asar.majestic-proton-work","resolvedRoot":"/home/joker/.local/share/Steam/steamapps/compatdata/3203438987/pfx/drive_c/users/steamuser/AppData/Local/MajesticLauncher/resources/app.asar.majestic-proton-work","appAsarFromRoot":"/home/joker/.local/share/Steam/steamapps/compatdata/3203438987/pfx/drive_c/users/steamuser/AppData/Local/MajesticLauncher/resources/app.asar.majestic-proton-work/app.asar","siblingAppAsar":"/home/joker/.local/share/Steam/steamapps/compatdata/3203438987/pfx/drive_c/users/steamuser/AppData/Local/MajesticLauncher/resources/app.asar","extractedIndexPath":"/home/joker/.local/share/Steam/steamapps/compatdata/3203438987/pfx/drive_c/users/steamuser/AppData/Local/MajesticLauncher/resources/app.asar.majestic-proton-work/dist/electron/main/index.js"}
[2026-06-08 10:03:45] [SUCCESS] [Patcher] Resolved extracted app directory target | {"mode":"extracted","appRoot":"/home/joker/.local/share/Steam/steamapps/compatdata/3203438987/pfx/drive_c/users/steamuser/AppData/Local/MajesticLauncher/resources/app.asar.majestic-proton-work","resourcesDir":"/home/joker/.local/share/Steam/steamapps/compatdata/3203438987/pfx/drive_c/users/steamuser/AppData/Local/MajesticLauncher/resources","asarPath":"","unpackedRoot":"/home/joker/.local/share/Steam/steamapps/compatdata/3203438987/pfx/drive_c/users/steamuser/AppData/Local/MajesticLauncher/resources/app.asar.majestic-proton-work","cleanupRoot":""}
[2026-06-08 10:03:45] [DEBUG] [Patcher] Resolved patch file paths | {"indexPath":"/home/joker/.local/share/Steam/steamapps/compatdata/3203438987/pfx/drive_c/users/steamuser/AppData/Local/MajesticLauncher/resources/app.asar.majestic-proton-work/dist/electron/main/index.js","workerPath":"/home/joker/.local/share/Steam/steamapps/compatdata/3203438987/pfx/drive_c/users/steamuser/AppData/Local/MajesticLauncher/resources/app.asar.majestic-proton-work/dist/electron/main/gamePatcher.js"}
[2026-06-08 10:03:45] [DEBUG] [Patcher] ASAR extraction skipped for extracted target | {"mode":"extracted","appRoot":"/home/joker/.local/share/Steam/steamapps/compatdata/3203438987/pfx/drive_c/users/steamuser/AppData/Local/MajesticLauncher/resources/app.asar.majestic-proton-work","resourcesDir":"/home/joker/.local/share/Steam/steamapps/compatdata/3203438987/pfx/drive_c/users/steamuser/AppData/Local/MajesticLauncher/resources","asarPath":"","unpackedRoot":"/home/joker/.local/share/Steam/steamapps/compatdata/3203438987/pfx/drive_c/users/steamuser/AppData/Local/MajesticLauncher/resources/app.asar.majestic-proton-work","cleanupRoot":""}
[2026-06-08 10:03:45] [INFO] [Patcher] Patching Majestic index.js | {"indexPath":"/home/joker/.local/share/Steam/steamapps/compatdata/3203438987/pfx/drive_c/users/steamuser/AppData/Local/MajesticLauncher/resources/app.asar.majestic-proton-work/dist/electron/main/index.js"}
[2026-06-08 10:03:45] [DEBUG] [Files] Reading text file | {"file":"/home/joker/.local/share/Steam/steamapps/compatdata/3203438987/pfx/drive_c/users/steamuser/AppData/Local/MajesticLauncher/resources/app.asar.majestic-proton-work/dist/electron/main/index.js"}
[2026-06-08 10:03:45] [DEBUG] [Patcher] Loaded index.js | {"indexPath":"/home/joker/.local/share/Steam/steamapps/compatdata/3203438987/pfx/drive_c/users/steamuser/AppData/Local/MajesticLauncher/resources/app.asar.majestic-proton-work/dist/electron/main/index.js","bytes":1090364,"hasIndexCompatMarker":true,"hasDirectMarker":true,"hasWorkerMarker":false}
[2026-06-08 10:03:45] [DEBUG] [Patcher] index.js compatibility marker already present | {"marker":"MAJESTIC_PROTON_INDEX_COMPAT_V4"}
[2026-06-08 10:03:45] [SUCCESS] [Patcher] index.js already contains Proton patch marker | {"hasDirectMarker":true,"hasWorkerMarker":false}
[2026-06-08 10:03:45] [INFO] [Patcher] Writing Proton gamePatcher.js adapter | {"workerPath":"/home/joker/.local/share/Steam/steamapps/compatdata/3203438987/pfx/drive_c/users/steamuser/AppData/Local/MajesticLauncher/resources/app.asar.majestic-proton-work/dist/electron/main/gamePatcher.js"}
[2026-06-08 10:03:45] [DEBUG] [Files] Ensuring worker directory exists | {"directory":"/home/joker/.local/share/Steam/steamapps/compatdata/3203438987/pfx/drive_c/users/steamuser/AppData/Local/MajesticLauncher/resources/app.asar.majestic-proton-work/dist/electron/main"}
[2026-06-08 10:03:45] [DEBUG] [Patcher] Parsed permission values | {"permissions":"1,3,4","permissionValues":[1,3,4]}
[2026-06-08 10:03:45] [INFO] [Files] Writing text file | {"file":"/home/joker/.local/share/Steam/steamapps/compatdata/3203438987/pfx/drive_c/users/steamuser/AppData/Local/MajesticLauncher/resources/app.asar.majestic-proton-work/dist/electron/main/gamePatcher.js","bytes":4299}
[2026-06-08 10:03:45] [SUCCESS] [Files] Text file written | {"file":"/home/joker/.local/share/Steam/steamapps/compatdata/3203438987/pfx/drive_c/users/steamuser/AppData/Local/MajesticLauncher/resources/app.asar.majestic-proton-work/dist/electron/main/gamePatcher.js"}
[2026-06-08 10:03:45] [SUCCESS] [Patcher] Proton gamePatcher.js adapter written | {"workerPath":"/home/joker/.local/share/Steam/steamapps/compatdata/3203438987/pfx/drive_c/users/steamuser/AppData/Local/MajesticLauncher/resources/app.asar.majestic-proton-work/dist/electron/main/gamePatcher.js","permissionValues":[1,3,4]}
[2026-06-08 10:03:45] [DEBUG] [Patcher] ASAR repack skipped for extracted target | {"mode":"extracted","appRoot":"/home/joker/.local/share/Steam/steamapps/compatdata/3203438987/pfx/drive_c/users/steamuser/AppData/Local/MajesticLauncher/resources/app.asar.majestic-proton-work","resourcesDir":"/home/joker/.local/share/Steam/steamapps/compatdata/3203438987/pfx/drive_c/users/steamuser/AppData/Local/MajesticLauncher/resources","asarPath":"","unpackedRoot":"/home/joker/.local/share/Steam/steamapps/compatdata/3203438987/pfx/drive_c/users/steamuser/AppData/Local/MajesticLauncher/resources/app.asar.majestic-proton-work","cleanupRoot":""}
[2026-06-08 10:03:45] [SUCCESS] [Patcher] Majestic Proton JS patch completed successfully | {"mode":"extracted","indexPath":"/home/joker/.local/share/Steam/steamapps/compatdata/3203438987/pfx/drive_c/users/steamuser/AppData/Local/MajesticLauncher/resources/app.asar.majestic-proton-work/dist/electron/main/index.js","workerPath":"/home/joker/.local/share/Steam/steamapps/compatdata/3203438987/pfx/drive_c/users/steamuser/AppData/Local/MajesticLauncher/resources/app.asar.majestic-proton-work/dist/electron/main/gamePatcher.js"}
[2026-06-08 10:03:45] [DEBUG] [Files] Cleanup skipped because no temporary directory was created
[2026-06-08 10:03:45] [INFO] [Patcher] Packing patched app.asar | command=/home/joker/.npm-global/bin/asar pack /home/joker/.local/share/Steam/steamapps/compatdata/3203438987/pfx/drive_c/users/steamuser/AppData/Local/MajesticLauncher/resources/app.asar.majestic-proton-work /home/joker/.local/share/Steam/steamapps/compatdata/3203438987/pfx/drive_c/users/steamuser/AppData/Local/MajesticLauncher/resources/app.asar
[2026-06-08 10:03:47] [DEBUG] [Files] Removing temporary workspace | command=rm -rf /home/joker/.local/share/Steam/steamapps/compatdata/3203438987/pfx/drive_c/users/steamuser/AppData/Local/MajesticLauncher/resources/app.asar.majestic-proton-work
[2026-06-08 10:03:47] [SUCCESS] [Patcher] Majestic Launcher JS patch completed | app_asar=/home/joker/.local/share/Steam/steamapps/compatdata/3203438987/pfx/drive_c/users/steamuser/AppData/Local/MajesticLauncher/resources/app.asar
[2026-06-08 10:03:47] [DEBUG] [Environment] Exported Proton and Majestic environment | STEAM_COMPAT_CLIENT_INSTALL_PATH=/home/joker/.local/share/Steam STEAM_COMPAT_DATA_PATH=/home/joker/.local/share/Steam/steamapps/compatdata/271590 STEAM_COMPAT_APP_ID=271590 SteamAppId=271590 SteamGameId=271590 WINEDLLOVERRIDES=winegstreamer=d MAJESTIC_PROTON_PLATFORM=steam MAJESTIC_GTA_WIN_PATH=G:\ MAJESTIC_DISABLE_CEF_GPU=1 ELECTRON_DISABLE_SANDBOX=1 ELECTRON_DISABLE_GPU=1
[2026-06-08 10:03:47] [INFO] [Launcher] Changing working directory to Majestic Launcher directory | directory=/home/joker/.local/share/Steam/steamapps/compatdata/3203438987/pfx/drive_c/users/steamuser/AppData/Local/MajesticLauncher
[2026-06-08 10:03:47] [INFO] [Launcher] Starting Majestic Launcher with Proton | PROTON_VERB=waitforexitandrun
[2026-06-08 10:03:47] [DEBUG] [Launcher] Majestic launch command | command=/home/joker/.local/share/Steam/steamapps/common/Proton - Experimental/proton waitforexitandrun /home/joker/.local/share/Steam/steamapps/compatdata/3203438987/pfx/drive_c/users/steamuser/AppData/Local/MajesticLauncher/Majestic Launcher.exe --no-sandbox --disable-dev-shm-usage --disable-gpu-sandbox platform=steam gta_win_path=G:\
[2026-06-08 10:03:47] [SUCCESS] [Launcher] Launcher preparation completed; handing control to Proton
