# Proton output capture started 2026-06-08T22:34:39
ntsync: up and running.
Fossilize INFO: Overriding serialization path: "/home/joker/.local/share/Steam/steamapps/shadercache/271590/fozpipelinesv6/steamapprun_pipeline_cache".
XALIA WARNING: Unable to release element hwnd-200cc from parent hwnd-200c4--14
XALIA WARNING: Unable to release element hwnd-100f0 from parent hwnd-600dc--45
Fossilize INFO: Overriding serialization path: "/home/joker/.local/share/Steam/steamapps/shadercache/271590/fozpipelinesv6/steamapprun_pipeline_cache".
Fossilize INFO: Overriding serialization path: "/home/joker/.local/share/Steam/steamapps/shadercache/271590/fozpipelinesv6/steamapprun_pipeline_cache".
Missing interface adapter for SteamController008 UGC
Fossilize INFO: Overriding serialization path: "/home/joker/.local/share/Steam/steamapps/shadercache/271590/fozpipelinesv6/steamapprun_pipeline_cache".
Fossilize INFO: Overriding serialization path: "/home/joker/.local/share/Steam/steamapps/shadercache/271590/fozpipelinesv6/steamapprun_pipeline_cache".
Fossilize INFO: Overriding serialization path: "/home/joker/.local/share/Steam/steamapps/shadercache/271590/fozpipelinesv6/steamapprun_pipeline_cache".
wine: Call from 00006FFFDF6FAA31 to unimplemented function win32u.NtDCompositionRegisterThumbnailVisual, aborting
Fossilize INFO: Overriding serialization path: "/home/joker/.local/share/Steam/steamapps/shadercache/271590/fozpipelinesv6/steamapprun_pipeline_cache".

(wine:1347793): GStreamer-WARNING **: 22:35:26.588: Failed to load plugin '/usr/lib64/gstreamer-1.0/libgstcoreelements.so': /usr/lib64/gstreamer-1.0/libgstcoreelements.so: undefined symbol: gst_vec_deque_free

(wine:1347793): GStreamer-WARNING **: 22:35:26.588: Failed to load plugin '/usr/lib64/gstreamer-1.0/libgstcoretracers.so': /usr/lib64/gstreamer-1.0/libgstcoretracers.so: undefined symbol: gst_tracer_class_set_use_structure_params

(wine:1347793): GStreamer-WARNING **: 22:35:26.589: Failed to load plugin '/usr/lib64/gstreamer-1.0/libgstalsa.so': /usr/lib64/gstreamer-1.0/libgstalsa.so: undefined symbol: gst_clock_is_system_monotonic

(wine:1347793): GStreamer-WARNING **: 22:35:26.590: Failed to load plugin '/usr/lib64/gstreamer-1.0/libgstaudioconvert.so': /usr/lib64/gstreamer-1.0/libgstaudioconvert.so: undefined symbol: gst_structure_set_value_static_str

(wine:1347793): GStreamer-WARNING **: 22:35:26.590: Failed to load plugin '/usr/lib64/gstreamer-1.0/libgstaudiomixer.so': /usr/lib64/gstreamer-1.0/libgstaudiomixer.so: undefined symbol: gst_structure_set_static_str

(wine:1347793): GStreamer-WARNING **: 22:35:26.590: Failed to load plugin '/usr/lib64/gstreamer-1.0/libgstaudioresample.so': /usr/lib64/gstreamer-1.0/libgstaudioresample.so: undefined symbol: gst_structure_set_static_str

(wine:1347793): GStreamer-WARNING **: 22:35:26.592: Failed to load plugin '/usr/lib64/gstreamer-1.0/libgstcompositor.so': /usr/lib64/gstreamer-1.0/libgstcompositor.so: undefined symbol: gst_vec_deque_free

(wine:1347793): GStreamer-WARNING **: 22:35:26.593: Failed to load plugin '/usr/lib64/gstreamer-1.0/libgstdsd.so': /usr/lib64/gstreamer-1.0/libgstdsd.so: undefined symbol: gst_dsd_format_get_width

(wine:1347793): GStreamer-WARNING **: 22:35:26.593: Failed to load plugin '/usr/lib64/gstreamer-1.0/libgstencoding.so': /usr/lib64/gstreamer-1.0/libgstencoding.so: undefined symbol: gst_id_str_as_str

(wine:1347793): GStreamer-WARNING **: 22:35:26.600: Failed to load plugin '/usr/lib64/gstreamer-1.0/libgstopengl.so': /usr/lib64/gstreamer-1.0/libgstopengl.so: undefined symbol: gst_gl_mixer_get_framebuffer

(wine:1347793): GStreamer-WARNING **: 22:35:26.602: Failed to load plugin '/usr/lib64/gstreamer-1.0/libgstpbtypes.so': /usr/lib64/gstreamer-1.0/libgstpbtypes.so: undefined symbol: gst_meta_factory_register

(wine:1347793): GStreamer-WARNING **: 22:35:26.603: Failed to load plugin '/usr/lib64/gstreamer-1.0/libgstplayback.so': /usr/lib64/gstreamer-1.0/libgstplayback.so: undefined symbol: gst_message_writable_details

(wine:1347793): GStreamer-WARNING **: 22:35:26.606: Failed to load plugin '/usr/lib64/gstreamer-1.0/libgstvideoconvertscale.so': /usr/lib64/gstreamer-1.0/libgstvideoconvertscale.so: undefined symbol: gst_context_get_task_pool

(wine:1347793): GStreamer-WARNING **: 22:35:26.609: Failed to load plugin '/usr/lib64/gstreamer-1.0/libgstanalyticsoverlay.so': /lib64/libgstanalytics-1.0.so.0: undefined symbol: gst_video_meta_transform_matrix_rectangle

(wine:1347793): GStreamer-WARNING **: 22:35:26.616: Failed to load plugin '/usr/lib64/gstreamer-1.0/libgstclosedcaption.so': /usr/lib64/gstreamer-1.0/libgstclosedcaption.so: undefined symbol: gst_vec_deque_free

(wine:1347793): GStreamer-WARNING **: 22:35:26.617: Failed to load plugin '/usr/lib64/gstreamer-1.0/libgstcodectimestamper.so': /usr/lib64/gstreamer-1.0/libgstcodectimestamper.so: undefined symbol: gst_vec_deque_free

(wine:1347793): GStreamer-WARNING **: 22:35:26.620: Failed to load plugin '/usr/lib64/gstreamer-1.0/libgstcurl.so': /usr/lib64/gstreamer-1.0/libgstcurl.so: undefined symbol: gst_id_str_as_str

(wine:1347793): GStreamer-WARNING **: 22:35:26.623: Failed to load plugin '/usr/lib64/gstreamer-1.0/libgstdebugutilsbad.so': /usr/lib64/gstreamer-1.0/libgstdebugutilsbad.so: undefined symbol: gst_id_str_as_str

(wine:1347793): GStreamer-WARNING **: 22:35:26.638: Failed to load plugin '/usr/lib64/gstreamer-1.0/libgstgtkwayland.so': /lib64/libgstwayland-1.0.so.0: undefined symbol: gst_drm_dumb_memory_export_dmabuf

(wine:1347793): GStreamer-WARNING **: 22:35:26.640: Failed to load plugin '/usr/lib64/gstreamer-1.0/libgsthip.so': /usr/lib64/gstreamer-1.0/libgsthip.so: undefined symbol: gst_cuda_memory_get_stream

(wine:1347793): GStreamer-WARNING **: 22:35:26.642: Failed to load plugin '/usr/lib64/gstreamer-1.0/libgstinterlace.so': /usr/lib64/gstreamer-1.0/libgstinterlace.so: undefined symbol: gst_caps_features_new_static_str

(wine:1347793): GStreamer-WARNING **: 22:35:26.643: Failed to load plugin '/usr/lib64/gstreamer-1.0/libgstipcpipeline.so': /usr/lib64/gstreamer-1.0/libgstipcpipeline.so: undefined symbol: gst_state_get_name

(wine:1347793): GStreamer-WARNING **: 22:35:26.645: Failed to load plugin '/usr/lib64/gstreamer-1.0/libgstkms.so': /usr/lib64/gstreamer-1.0/libgstkms.so: undefined symbol: gst_video_is_dma_drm_caps

(wine:1347793): GStreamer-WARNING **: 22:35:26.648: Failed to load plugin '/usr/lib64/gstreamer-1.0/libgstmpegtsdemux.so': /usr/lib64/gstreamer-1.0/libgstmpegtsdemux.so: undefined symbol: gst_codec_utils_av1_create_caps_from_av1c

(wine:1347793): GStreamer-WARNING **: 22:35:26.648: Failed to load plugin '/usr/lib64/gstreamer-1.0/libgstmpegtsmux.so': /usr/lib64/gstreamer-1.0/libgstmpegtsmux.so: undefined symbol: gst_codec_utils_av1_create_av1c_from_caps

(wine:1347793): GStreamer-WARNING **: 22:35:26.650: Failed to load plugin '/usr/lib64/gstreamer-1.0/libgstmsdk.so': /usr/lib64/gstreamer-1.0/libgstmsdk.so: undefined symbol: gst_video_is_dma_drm_caps

(wine:1347793): GStreamer-WARNING **: 22:35:26.651: Failed to load plugin '/usr/lib64/gstreamer-1.0/libgstmse.so': /lib64/libgstmse-1.0.so.0: undefined symbol: gst_state_change_return_get_name

(wine:1347793): GStreamer-WARNING **: 22:35:26.652: Failed to load plugin '/usr/lib64/gstreamer-1.0/libgstmxf.so': /usr/lib64/gstreamer-1.0/libgstmxf.so: undefined symbol: gst_structure_new_static_str_empty

(wine:1347793): GStreamer-WARNING **: 22:35:26.654: Failed to load plugin '/usr/lib64/gstreamer-1.0/libgstnvcodec.so': /usr/lib64/gstreamer-1.0/libgstnvcodec.so: undefined symbol: gst_cuda_create_user_token

(wine:1347793): GStreamer-WARNING **: 22:35:26.656: Failed to load plugin '/usr/lib64/gstreamer-1.0/libgstopenjpeg.so': /usr/lib64/gstreamer-1.0/libgstopenjpeg.so: undefined symbol: gst_object_call_async

(wine:1347793): GStreamer-WARNING **: 22:35:26.658: Failed to load plugin '/usr/lib64/gstreamer-1.0/libgstqsv.so': /usr/lib64/gstreamer-1.0/libgstqsv.so: undefined symbol: gst_plugin_add_status_warning

(wine:1347793): GStreamer-WARNING **: 22:35:26.663: Failed to load plugin '/usr/lib64/gstreamer-1.0/libgstrtpmanagerbad.so': /usr/lib64/gstreamer-1.0/libgstrtpmanagerbad.so: undefined symbol: gst_state_get_name

(wine:1347793): GStreamer-WARNING **: 22:35:26.667: Failed to load plugin '/usr/lib64/gstreamer-1.0/libgstsndfile.so': /usr/lib64/gstreamer-1.0/libgstsndfile.so: undefined symbol: gst_state_get_name

(wine:1347793): GStreamer-WARNING **: 22:35:26.669: Failed to load plugin '/usr/lib64/gstreamer-1.0/libgstsrtp.so': /usr/lib64/gstreamer-1.0/libgstsrtp.so: undefined symbol: gst_element_decorate_stream_id

(wine:1347793): GStreamer-WARNING **: 22:35:26.670: Failed to load plugin '/usr/lib64/gstreamer-1.0/libgsttensordecoders.so': /lib64/libgstanalytics-1.0.so.0: undefined symbol: gst_video_meta_transform_matrix_rectangle

(wine:1347793): GStreamer-WARNING **: 22:35:26.671: Failed to load plugin '/usr/lib64/gstreamer-1.0/libgstttmlsubs.so': /usr/lib64/gstreamer-1.0/libgstttmlsubs.so: undefined symbol: gst_caps_features_new_static_str

(wine:1347793): GStreamer-WARNING **: 22:35:26.671: Failed to load plugin '/usr/lib64/gstreamer-1.0/libgstunixfd.so': /usr/lib64/gstreamer-1.0/libgstunixfd.so: undefined symbol: gst_fd_allocator_alloc_full

(wine:1347793): GStreamer-WARNING **: 22:35:26.671: Failed to load plugin '/usr/lib64/gstreamer-1.0/libgstuvcgadget.so': /usr/lib64/gstreamer-1.0/libgstuvcgadget.so: undefined symbol: gst_state_get_name

(wine:1347793): GStreamer-WARNING **: 22:35:26.672: Failed to load plugin '/usr/lib64/gstreamer-1.0/libgstv4l2codecs.so': /usr/lib64/gstreamer-1.0/libgstv4l2codecs.so: undefined symbol: gst_vec_deque_free

(wine:1347793): GStreamer-WARNING **: 22:35:26.673: Failed to load plugin '/usr/lib64/gstreamer-1.0/libgstva.so': /usr/lib64/gstreamer-1.0/libgstva.so: undefined symbol: gst_vec_deque_free

(wine:1347793): GStreamer-WARNING **: 22:35:26.674: Failed to load plugin '/usr/lib64/gstreamer-1.0/libgstvideoparsersbad.so': /usr/lib64/gstreamer-1.0/libgstvideoparsersbad.so: undefined symbol: gst_h266_profile_from_string

(wine:1347793): GStreamer-WARNING **: 22:35:26.675: Failed to load plugin '/usr/lib64/gstreamer-1.0/libgstvulkan.so': /lib64/libgstvulkan-1.0.so.0: undefined symbol: gst_caps_features_new_single_static_str

(wine:1347793): GStreamer-WARNING **: 22:35:26.675: Failed to load plugin '/usr/lib64/gstreamer-1.0/libgstwaylandsink.so': /lib64/libgstwayland-1.0.so.0: undefined symbol: gst_drm_dumb_memory_export_dmabuf

(wine:1347793): GStreamer-WARNING **: 22:35:26.681: Failed to load plugin '/usr/lib64/gstreamer-1.0/libgstwebrtc.so': /usr/lib64/gstreamer-1.0/libgstwebrtc.so: undefined symbol: gst_state_get_name

(wine:1347793): GStreamer-WARNING **: 22:35:26.691: Failed to load plugin '/usr/lib64/gstreamer-1.0/libgstlibav.so': libbz2.so.1.0: cannot open shared object file: No such file or directory

(wine:1347793): GStreamer-WARNING **: 22:35:26.692: Failed to load plugin '/usr/lib64/gstreamer-1.0/libgsta52dec.so': /usr/lib64/gstreamer-1.0/libgsta52dec.so: undefined symbol: gst_cpuid_supports_x86_mmx

(wine:1347793): GStreamer-WARNING **: 22:35:26.693: Failed to load plugin '/usr/lib64/gstreamer-1.0/libgstasf.so': /usr/lib64/gstreamer-1.0/libgstasf.so: undefined symbol: gst_rtp_base_depayload_set_aggregate_hdrext_enabled

(wine:1347793): GStreamer-WARNING **: 22:35:26.695: Failed to load plugin '/usr/lib64/gstreamer-1.0/libgstmpeg2dec.so': /usr/lib64/gstreamer-1.0/libgstmpeg2dec.so: undefined symbol: gst_plugin_add_status_warning

(wine:1347793): GStreamer-WARNING **: 22:35:26.698: Failed to load plugin '/usr/lib64/gstreamer-1.0/libgstges.so': /lib64/libges-1.0.so.0: undefined symbol: gst_id_str_as_str

(wine:1347793): GStreamer-WARNING **: 22:35:26.698: Failed to load plugin '/usr/lib64/gstreamer-1.0/libgstnle.so': /usr/lib64/gstreamer-1.0/libgstnle.so: undefined symbol: gst_state_get_name

(wine:1347793): GStreamer-WARNING **: 22:35:26.700: Failed to load plugin '/usr/lib64/gstreamer-1.0/libgstadaptivedemux2.so': /usr/lib64/gstreamer-1.0/libgstadaptivedemux2.so: undefined symbol: gst_vec_deque_free

(wine:1347793): GStreamer-WARNING **: 22:35:26.703: Failed to load plugin '/usr/lib64/gstreamer-1.0/libgstaudiofx.so': /usr/lib64/gstreamer-1.0/libgstaudiofx.so: undefined symbol: gst_meta_register_custom_simple

(wine:1347793): GStreamer-WARNING **: 22:35:26.705: Failed to load plugin '/usr/lib64/gstreamer-1.0/libgstdebug.so': /usr/lib64/gstreamer-1.0/libgstdebug.so: undefined symbol: gst_structure_foreach_id_str

(wine:1347793): GStreamer-WARNING **: 22:35:26.706: Failed to load plugin '/usr/lib64/gstreamer-1.0/libgstdeinterlace.so': /usr/lib64/gstreamer-1.0/libgstdeinterlace.so: undefined symbol: gst_caps_features_new_static_str

(wine:1347793): GStreamer-WARNING **: 22:35:26.713: Failed to load plugin '/usr/lib64/gstreamer-1.0/libgstisomp4.so': /usr/lib64/gstreamer-1.0/libgstisomp4.so: undefined symbol: gst_rtp_base_depayload_set_aggregate_hdrext_enabled

(wine:1347793): GStreamer-WARNING **: 22:35:26.715: Failed to load plugin '/usr/lib64/gstreamer-1.0/libgstmatroska.so': /usr/lib64/gstreamer-1.0/libgstmatroska.so: undefined symbol: gst_id_str_is_equal_to_str

(wine:1347793): GStreamer-WARNING **: 22:35:26.716: Failed to load plugin '/usr/lib64/gstreamer-1.0/libgstmpg123.so': /usr/lib64/gstreamer-1.0/libgstmpg123.so: undefined symbol: gst_vec_deque_free

(wine:1347793): GStreamer-WARNING **: 22:35:26.717: Failed to load plugin '/usr/lib64/gstreamer-1.0/libgstmultifile.so': /usr/lib64/gstreamer-1.0/libgstmultifile.so: undefined symbol: gst_vec_deque_free

(wine:1347793): GStreamer-WARNING **: 22:35:26.723: Failed to load plugin '/usr/lib64/gstreamer-1.0/libgstpulseaudio.so': /usr/lib64/gstreamer-1.0/libgstpulseaudio.so: undefined symbol: gst_id_str_as_str

(wine:1347793): GStreamer-WARNING **: 22:35:26.724: Failed to load plugin '/usr/lib64/gstreamer-1.0/libgstrtp.so': /usr/lib64/gstreamer-1.0/libgstrtp.so: undefined symbol: gst_rtp_base_depayload_set_aggregate_hdrext_enabled

(wine:1347793): GStreamer-WARNING **: 22:35:26.726: Failed to load plugin '/usr/lib64/gstreamer-1.0/libgstrtpmanager.so': /usr/lib64/gstreamer-1.0/libgstrtpmanager.so: undefined symbol: gst_id_str_as_str

(wine:1347793): GStreamer-WARNING **: 22:35:26.727: Failed to load plugin '/usr/lib64/gstreamer-1.0/libgstrtsp.so': /usr/lib64/gstreamer-1.0/libgstrtsp.so: undefined symbol: gst_id_str_as_str

(wine:1347793): GStreamer-WARNING **: 22:35:26.729: Failed to load plugin '/usr/lib64/gstreamer-1.0/libgstsoup.so': /usr/lib64/gstreamer-1.0/libgstsoup.so: undefined symbol: gst_id_str_as_str

(wine:1347793): GStreamer-WARNING **: 22:35:26.735: Failed to load plugin '/usr/lib64/gstreamer-1.0/libgstvideo4linux2.so': /usr/lib64/gstreamer-1.0/libgstvideo4linux2.so: undefined symbol: gst_video_is_dma_drm_caps

(wine:1347793): GStreamer-WARNING **: 22:35:26.736: Failed to load plugin '/usr/lib64/gstreamer-1.0/libgstvideobox.so': /usr/lib64/gstreamer-1.0/libgstvideobox.so: undefined symbol: gst_video_meta_transform_matrix_init

(wine:1347793): GStreamer-WARNING **: 22:35:26.736: Failed to load plugin '/usr/lib64/gstreamer-1.0/libgstvideocrop.so': /usr/lib64/gstreamer-1.0/libgstvideocrop.so: undefined symbol: gst_video_meta_transform_matrix_init

(wine:1347793): GStreamer-WARNING **: 22:35:26.736: Failed to load plugin '/usr/lib64/gstreamer-1.0/libgstvideofilter.so': /usr/lib64/gstreamer-1.0/libgstvideofilter.so: undefined symbol: gst_video_meta_transform_matrix_get_quark

(wine:1347793): GStreamer-WARNING **: 22:35:26.738: Failed to load plugin '/usr/lib64/gstreamer-1.0/libgstvpx.so': /usr/lib64/gstreamer-1.0/libgstvpx.so: undefined symbol: gst_meta_register_custom_simple

(wine:1347793): GStreamer-WARNING **: 22:35:26.741: Failed to load plugin '/usr/lib64/gstreamer-1.0/libgsty4m.so': /usr/lib64/gstreamer-1.0/libgsty4m.so: undefined symbol: gst_video_encoder_drop_frame

(wine:1347793): GStreamer-WARNING **: 22:35:26.764: Failed to load plugin '/usr/lib64/gstreamer-1.0/libgstqml6.so': /usr/lib64/gstreamer-1.0/libgstqml6.so: undefined symbol: gst_state_get_name

(wine:1347793): GStreamer-WARNING **: 22:35:26.791: Failed to load plugin '/usr/lib64/gstreamer-1.0/libgstqmlgl.so': /usr/lib64/gstreamer-1.0/libgstqmlgl.so: undefined symbol: gst_state_get_name

(wine:1347793): GStreamer-WARNING **: 22:35:26.795: Failed to load plugin '/usr/lib64/gstreamer-1.0/libgstgtk.so': /usr/lib64/gstreamer-1.0/libgstgtk.so: undefined symbol: gst_state_get_name

(wine:1347793): GStreamer-WARNING **: 22:35:26.797: Failed to load plugin '/usr/lib64/gstreamer-1.0/libgstpipewire.so': /usr/lib64/gstreamer-1.0/libgstpipewire.so: undefined symbol: gst_video_is_dma_drm_caps

(wine:1347793): GStreamer-WARNING **: 22:35:26.807: Failed to load plugin '/home/joker/.steam/steam/steamapps/common/Proton - Experimental/files/lib/x86_64-linux-gnu/gstreamer-1.0/libgstlibav.so': libbz2.so.1.0: cannot open shared object file: No such file or directory

(wine:1347793): GStreamer-WARNING **: 22:35:26.821: Failed to load plugin '/home/joker/.steam/steam/steamapps/common/Proton - Experimental/files/lib/i386-linux-gnu/gstreamer-1.0/libgstlibav.so': /home/joker/.steam/steam/steamapps/common/Proton - Experimental/files/lib/i386-linux-gnu/gstreamer-1.0/libgstlibav.so: wrong ELF class: ELFCLASS32
Fossilize INFO: Overriding serialization path: "/home/joker/.local/share/Steam/steamapps/shadercache/271590/fozpipelinesv6/steamapprun_pipeline_cache".
Fossilize INFO: Overriding serialization path: "/home/joker/.local/share/Steam/steamapps/shadercache/271590/fozpipelinesv6/steamapprun_pipeline_cache".
Fossilize INFO: Overriding serialization path: "/home/joker/.local/share/Steam/steamapps/shadercache/271590/fozpipelinesv6/steamapprun_pipeline_cache".
Fossilize INFO: Overriding serialization path: "/home/joker/.local/share/Steam/steamapps/shadercache/271590/fozpipelinesv6/steamapprun_pipeline_cache".
Fossilize INFO: Overriding serialization path: "/home/joker/.local/share/Steam/steamapps/shadercache/271590/fozpipelinesv6/steamapprun_pipeline_cache".
Fossilize INFO: Overriding serialization path: "/home/joker/.local/share/Steam/steamapps/shadercache/271590/fozpipelinesv6/steamapprun_pipeline_cache".
Missing interface adapter for SteamController008 UGC
Fossilize INFO: Overriding serialization path: "/home/joker/.local/share/Steam/steamapps/shadercache/271590/fozpipelinesv6/steamapprun_pipeline_cache".
Fossilize INFO: Overriding serialization path: "/home/joker/.local/share/Steam/steamapps/shadercache/271590/fozpipelinesv6/steamapprun_pipeline_cache".
Fossilize INFO: Overriding serialization path: "/home/joker/.local/share/Steam/steamapps/shadercache/271590/fozpipelinesv6/steamapprun_pipeline_cache".
wine: Call from 00006FFFDF6EAA31 to unimplemented function win32u.NtDCompositionRegisterThumbnailVisual, aborting
Fossilize INFO: Overriding serialization path: "/home/joker/.local/share/Steam/steamapps/shadercache/271590/fozpipelinesv6/steamapprun_pipeline_cache".

(wine:1353838): GStreamer-WARNING **: 22:42:23.981: Failed to load plugin '/usr/lib64/gstreamer-1.0/libgstcoreelements.so': /usr/lib64/gstreamer-1.0/libgstcoreelements.so: undefined symbol: gst_vec_deque_free

(wine:1353838): GStreamer-WARNING **: 22:42:23.981: Failed to load plugin '/usr/lib64/gstreamer-1.0/libgstcoretracers.so': /usr/lib64/gstreamer-1.0/libgstcoretracers.so: undefined symbol: gst_tracer_class_set_use_structure_params

(wine:1353838): GStreamer-WARNING **: 22:42:23.982: Failed to load plugin '/usr/lib64/gstreamer-1.0/libgstalsa.so': /usr/lib64/gstreamer-1.0/libgstalsa.so: undefined symbol: gst_clock_is_system_monotonic

(wine:1353838): GStreamer-WARNING **: 22:42:23.983: Failed to load plugin '/usr/lib64/gstreamer-1.0/libgstaudioconvert.so': /usr/lib64/gstreamer-1.0/libgstaudioconvert.so: undefined symbol: gst_structure_set_value_static_str

(wine:1353838): GStreamer-WARNING **: 22:42:23.983: Failed to load plugin '/usr/lib64/gstreamer-1.0/libgstaudiomixer.so': /usr/lib64/gstreamer-1.0/libgstaudiomixer.so: undefined symbol: gst_structure_set_static_str

(wine:1353838): GStreamer-WARNING **: 22:42:23.983: Failed to load plugin '/usr/lib64/gstreamer-1.0/libgstaudioresample.so': /usr/lib64/gstreamer-1.0/libgstaudioresample.so: undefined symbol: gst_structure_set_static_str

(wine:1353838): GStreamer-WARNING **: 22:42:23.985: Failed to load plugin '/usr/lib64/gstreamer-1.0/libgstcompositor.so': /usr/lib64/gstreamer-1.0/libgstcompositor.so: undefined symbol: gst_vec_deque_free

(wine:1353838): GStreamer-WARNING **: 22:42:23.985: Failed to load plugin '/usr/lib64/gstreamer-1.0/libgstdsd.so': /usr/lib64/gstreamer-1.0/libgstdsd.so: undefined symbol: gst_dsd_format_get_width

(wine:1353838): GStreamer-WARNING **: 22:42:23.986: Failed to load plugin '/usr/lib64/gstreamer-1.0/libgstencoding.so': /usr/lib64/gstreamer-1.0/libgstencoding.so: undefined symbol: gst_id_str_as_str

(wine:1353838): GStreamer-WARNING **: 22:42:23.988: Failed to load plugin '/usr/lib64/gstreamer-1.0/libgstopengl.so': /usr/lib64/gstreamer-1.0/libgstopengl.so: undefined symbol: gst_gl_mixer_get_framebuffer

(wine:1353838): GStreamer-WARNING **: 22:42:23.990: Failed to load plugin '/usr/lib64/gstreamer-1.0/libgstpbtypes.so': /usr/lib64/gstreamer-1.0/libgstpbtypes.so: undefined symbol: gst_meta_factory_register

(wine:1353838): GStreamer-WARNING **: 22:42:23.991: Failed to load plugin '/usr/lib64/gstreamer-1.0/libgstplayback.so': /usr/lib64/gstreamer-1.0/libgstplayback.so: undefined symbol: gst_message_writable_details

(wine:1353838): GStreamer-WARNING **: 22:42:23.992: Failed to load plugin '/usr/lib64/gstreamer-1.0/libgstvideoconvertscale.so': /usr/lib64/gstreamer-1.0/libgstvideoconvertscale.so: undefined symbol: gst_context_get_task_pool

(wine:1353838): GStreamer-WARNING **: 22:42:24.000: Failed to load plugin '/usr/lib64/gstreamer-1.0/libgstanalyticsoverlay.so': /lib64/libgstanalytics-1.0.so.0: undefined symbol: gst_video_meta_transform_matrix_rectangle

(wine:1353838): GStreamer-WARNING **: 22:42:24.004: Failed to load plugin '/usr/lib64/gstreamer-1.0/libgstclosedcaption.so': /usr/lib64/gstreamer-1.0/libgstclosedcaption.so: undefined symbol: gst_vec_deque_free

(wine:1353838): GStreamer-WARNING **: 22:42:24.005: Failed to load plugin '/usr/lib64/gstreamer-1.0/libgstcodectimestamper.so': /usr/lib64/gstreamer-1.0/libgstcodectimestamper.so: undefined symbol: gst_vec_deque_free

(wine:1353838): GStreamer-WARNING **: 22:42:24.008: Failed to load plugin '/usr/lib64/gstreamer-1.0/libgstcurl.so': /usr/lib64/gstreamer-1.0/libgstcurl.so: undefined symbol: gst_id_str_as_str

(wine:1353838): GStreamer-WARNING **: 22:42:24.009: Failed to load plugin '/usr/lib64/gstreamer-1.0/libgstdebugutilsbad.so': /usr/lib64/gstreamer-1.0/libgstdebugutilsbad.so: undefined symbol: gst_id_str_as_str

(wine:1353838): GStreamer-WARNING **: 22:42:24.019: Failed to load plugin '/usr/lib64/gstreamer-1.0/libgstgtkwayland.so': /lib64/libgstwayland-1.0.so.0: undefined symbol: gst_drm_dumb_memory_export_dmabuf

(wine:1353838): GStreamer-WARNING **: 22:42:24.020: Failed to load plugin '/usr/lib64/gstreamer-1.0/libgsthip.so': /usr/lib64/gstreamer-1.0/libgsthip.so: undefined symbol: gst_cuda_memory_get_stream

(wine:1353838): GStreamer-WARNING **: 22:42:24.023: Failed to load plugin '/usr/lib64/gstreamer-1.0/libgstinterlace.so': /usr/lib64/gstreamer-1.0/libgstinterlace.so: undefined symbol: gst_caps_features_new_static_str

(wine:1353838): GStreamer-WARNING **: 22:42:24.023: Failed to load plugin '/usr/lib64/gstreamer-1.0/libgstipcpipeline.so': /usr/lib64/gstreamer-1.0/libgstipcpipeline.so: undefined symbol: gst_state_get_name

(wine:1353838): GStreamer-WARNING **: 22:42:24.024: Failed to load plugin '/usr/lib64/gstreamer-1.0/libgstkms.so': /usr/lib64/gstreamer-1.0/libgstkms.so: undefined symbol: gst_video_is_dma_drm_caps

(wine:1353838): GStreamer-WARNING **: 22:42:24.026: Failed to load plugin '/usr/lib64/gstreamer-1.0/libgstmpegtsdemux.so': /usr/lib64/gstreamer-1.0/libgstmpegtsdemux.so: undefined symbol: gst_codec_utils_av1_create_caps_from_av1c

(wine:1353838): GStreamer-WARNING **: 22:42:24.027: Failed to load plugin '/usr/lib64/gstreamer-1.0/libgstmpegtsmux.so': /usr/lib64/gstreamer-1.0/libgstmpegtsmux.so: undefined symbol: gst_codec_utils_av1_create_av1c_from_caps

(wine:1353838): GStreamer-WARNING **: 22:42:24.027: Failed to load plugin '/usr/lib64/gstreamer-1.0/libgstmsdk.so': /usr/lib64/gstreamer-1.0/libgstmsdk.so: undefined symbol: gst_video_is_dma_drm_caps

(wine:1353838): GStreamer-WARNING **: 22:42:24.028: Failed to load plugin '/usr/lib64/gstreamer-1.0/libgstmse.so': /lib64/libgstmse-1.0.so.0: undefined symbol: gst_state_change_return_get_name

(wine:1353838): GStreamer-WARNING **: 22:42:24.029: Failed to load plugin '/usr/lib64/gstreamer-1.0/libgstmxf.so': /usr/lib64/gstreamer-1.0/libgstmxf.so: undefined symbol: gst_structure_new_static_str_empty

(wine:1353838): GStreamer-WARNING **: 22:42:24.030: Failed to load plugin '/usr/lib64/gstreamer-1.0/libgstnvcodec.so': /usr/lib64/gstreamer-1.0/libgstnvcodec.so: undefined symbol: gst_cuda_create_user_token

(wine:1353838): GStreamer-WARNING **: 22:42:24.032: Failed to load plugin '/usr/lib64/gstreamer-1.0/libgstopenjpeg.so': /usr/lib64/gstreamer-1.0/libgstopenjpeg.so: undefined symbol: gst_object_call_async

(wine:1353838): GStreamer-WARNING **: 22:42:24.033: Failed to load plugin '/usr/lib64/gstreamer-1.0/libgstqsv.so': /usr/lib64/gstreamer-1.0/libgstqsv.so: undefined symbol: gst_plugin_add_status_warning

(wine:1353838): GStreamer-WARNING **: 22:42:24.036: Failed to load plugin '/usr/lib64/gstreamer-1.0/libgstrtpmanagerbad.so': /usr/lib64/gstreamer-1.0/libgstrtpmanagerbad.so: undefined symbol: gst_state_get_name

(wine:1353838): GStreamer-WARNING **: 22:42:24.040: Failed to load plugin '/usr/lib64/gstreamer-1.0/libgstsndfile.so': /usr/lib64/gstreamer-1.0/libgstsndfile.so: undefined symbol: gst_state_get_name

(wine:1353838): GStreamer-WARNING **: 22:42:24.042: Failed to load plugin '/usr/lib64/gstreamer-1.0/libgstsrtp.so': /usr/lib64/gstreamer-1.0/libgstsrtp.so: undefined symbol: gst_element_decorate_stream_id

(wine:1353838): GStreamer-WARNING **: 22:42:24.043: Failed to load plugin '/usr/lib64/gstreamer-1.0/libgsttensordecoders.so': /lib64/libgstanalytics-1.0.so.0: undefined symbol: gst_video_meta_transform_matrix_rectangle

(wine:1353838): GStreamer-WARNING **: 22:42:24.044: Failed to load plugin '/usr/lib64/gstreamer-1.0/libgstttmlsubs.so': /usr/lib64/gstreamer-1.0/libgstttmlsubs.so: undefined symbol: gst_caps_features_new_static_str

(wine:1353838): GStreamer-WARNING **: 22:42:24.045: Failed to load plugin '/usr/lib64/gstreamer-1.0/libgstunixfd.so': /usr/lib64/gstreamer-1.0/libgstunixfd.so: undefined symbol: gst_fd_allocator_alloc_full

(wine:1353838): GStreamer-WARNING **: 22:42:24.045: Failed to load plugin '/usr/lib64/gstreamer-1.0/libgstuvcgadget.so': /usr/lib64/gstreamer-1.0/libgstuvcgadget.so: undefined symbol: gst_state_get_name

(wine:1353838): GStreamer-WARNING **: 22:42:24.046: Failed to load plugin '/usr/lib64/gstreamer-1.0/libgstv4l2codecs.so': /usr/lib64/gstreamer-1.0/libgstv4l2codecs.so: undefined symbol: gst_vec_deque_free

(wine:1353838): GStreamer-WARNING **: 22:42:24.047: Failed to load plugin '/usr/lib64/gstreamer-1.0/libgstva.so': /usr/lib64/gstreamer-1.0/libgstva.so: undefined symbol: gst_vec_deque_free

(wine:1353838): GStreamer-WARNING **: 22:42:24.048: Failed to load plugin '/usr/lib64/gstreamer-1.0/libgstvideoparsersbad.so': /usr/lib64/gstreamer-1.0/libgstvideoparsersbad.so: undefined symbol: gst_h266_profile_from_string

(wine:1353838): GStreamer-WARNING **: 22:42:24.049: Failed to load plugin '/usr/lib64/gstreamer-1.0/libgstvulkan.so': /lib64/libgstvulkan-1.0.so.0: undefined symbol: gst_caps_features_new_single_static_str

(wine:1353838): GStreamer-WARNING **: 22:42:24.050: Failed to load plugin '/usr/lib64/gstreamer-1.0/libgstwaylandsink.so': /lib64/libgstwayland-1.0.so.0: undefined symbol: gst_drm_dumb_memory_export_dmabuf

(wine:1353838): GStreamer-WARNING **: 22:42:24.055: Failed to load plugin '/usr/lib64/gstreamer-1.0/libgstwebrtc.so': /usr/lib64/gstreamer-1.0/libgstwebrtc.so: undefined symbol: gst_state_get_name

(wine:1353838): GStreamer-WARNING **: 22:42:24.058: Failed to load plugin '/usr/lib64/gstreamer-1.0/libgstlibav.so': libbz2.so.1.0: cannot open shared object file: No such file or directory

(wine:1353838): GStreamer-WARNING **: 22:42:24.059: Failed to load plugin '/usr/lib64/gstreamer-1.0/libgsta52dec.so': /usr/lib64/gstreamer-1.0/libgsta52dec.so: undefined symbol: gst_cpuid_supports_x86_mmx

(wine:1353838): GStreamer-WARNING **: 22:42:24.060: Failed to load plugin '/usr/lib64/gstreamer-1.0/libgstasf.so': /usr/lib64/gstreamer-1.0/libgstasf.so: undefined symbol: gst_rtp_base_depayload_set_aggregate_hdrext_enabled

(wine:1353838): GStreamer-WARNING **: 22:42:24.062: Failed to load plugin '/usr/lib64/gstreamer-1.0/libgstmpeg2dec.so': /usr/lib64/gstreamer-1.0/libgstmpeg2dec.so: undefined symbol: gst_plugin_add_status_warning

(wine:1353838): GStreamer-WARNING **: 22:42:24.063: Failed to load plugin '/usr/lib64/gstreamer-1.0/libgstges.so': /lib64/libges-1.0.so.0: undefined symbol: gst_id_str_as_str

(wine:1353838): GStreamer-WARNING **: 22:42:24.064: Failed to load plugin '/usr/lib64/gstreamer-1.0/libgstnle.so': /usr/lib64/gstreamer-1.0/libgstnle.so: undefined symbol: gst_state_get_name

(wine:1353838): GStreamer-WARNING **: 22:42:24.064: Failed to load plugin '/usr/lib64/gstreamer-1.0/libgstadaptivedemux2.so': /usr/lib64/gstreamer-1.0/libgstadaptivedemux2.so: undefined symbol: gst_vec_deque_free

(wine:1353838): GStreamer-WARNING **: 22:42:24.065: Failed to load plugin '/usr/lib64/gstreamer-1.0/libgstaudiofx.so': /usr/lib64/gstreamer-1.0/libgstaudiofx.so: undefined symbol: gst_meta_register_custom_simple

(wine:1353838): GStreamer-WARNING **: 22:42:24.067: Failed to load plugin '/usr/lib64/gstreamer-1.0/libgstdebug.so': /usr/lib64/gstreamer-1.0/libgstdebug.so: undefined symbol: gst_structure_foreach_id_str

(wine:1353838): GStreamer-WARNING **: 22:42:24.068: Failed to load plugin '/usr/lib64/gstreamer-1.0/libgstdeinterlace.so': /usr/lib64/gstreamer-1.0/libgstdeinterlace.so: undefined symbol: gst_caps_features_new_static_str

(wine:1353838): GStreamer-WARNING **: 22:42:24.071: Failed to load plugin '/usr/lib64/gstreamer-1.0/libgstisomp4.so': /usr/lib64/gstreamer-1.0/libgstisomp4.so: undefined symbol: gst_rtp_base_depayload_set_aggregate_hdrext_enabled

(wine:1353838): GStreamer-WARNING **: 22:42:24.072: Failed to load plugin '/usr/lib64/gstreamer-1.0/libgstmatroska.so': /usr/lib64/gstreamer-1.0/libgstmatroska.so: undefined symbol: gst_id_str_is_equal_to_str

(wine:1353838): GStreamer-WARNING **: 22:42:24.073: Failed to load plugin '/usr/lib64/gstreamer-1.0/libgstmpg123.so': /usr/lib64/gstreamer-1.0/libgstmpg123.so: undefined symbol: gst_vec_deque_free

(wine:1353838): GStreamer-WARNING **: 22:42:24.073: Failed to load plugin '/usr/lib64/gstreamer-1.0/libgstmultifile.so': /usr/lib64/gstreamer-1.0/libgstmultifile.so: undefined symbol: gst_vec_deque_free

(wine:1353838): GStreamer-WARNING **: 22:42:24.075: Failed to load plugin '/usr/lib64/gstreamer-1.0/libgstpulseaudio.so': /usr/lib64/gstreamer-1.0/libgstpulseaudio.so: undefined symbol: gst_id_str_as_str

(wine:1353838): GStreamer-WARNING **: 22:42:24.076: Failed to load plugin '/usr/lib64/gstreamer-1.0/libgstrtp.so': /usr/lib64/gstreamer-1.0/libgstrtp.so: undefined symbol: gst_rtp_base_depayload_set_aggregate_hdrext_enabled

(wine:1353838): GStreamer-WARNING **: 22:42:24.076: Failed to load plugin '/usr/lib64/gstreamer-1.0/libgstrtpmanager.so': /usr/lib64/gstreamer-1.0/libgstrtpmanager.so: undefined symbol: gst_id_str_as_str

(wine:1353838): GStreamer-WARNING **: 22:42:24.077: Failed to load plugin '/usr/lib64/gstreamer-1.0/libgstrtsp.so': /usr/lib64/gstreamer-1.0/libgstrtsp.so: undefined symbol: gst_id_str_as_str

(wine:1353838): GStreamer-WARNING **: 22:42:24.079: Failed to load plugin '/usr/lib64/gstreamer-1.0/libgstsoup.so': /usr/lib64/gstreamer-1.0/libgstsoup.so: undefined symbol: gst_id_str_as_str

(wine:1353838): GStreamer-WARNING **: 22:42:24.082: Failed to load plugin '/usr/lib64/gstreamer-1.0/libgstvideo4linux2.so': /usr/lib64/gstreamer-1.0/libgstvideo4linux2.so: undefined symbol: gst_video_is_dma_drm_caps

(wine:1353838): GStreamer-WARNING **: 22:42:24.082: Failed to load plugin '/usr/lib64/gstreamer-1.0/libgstvideobox.so': /usr/lib64/gstreamer-1.0/libgstvideobox.so: undefined symbol: gst_video_meta_transform_matrix_init

(wine:1353838): GStreamer-WARNING **: 22:42:24.083: Failed to load plugin '/usr/lib64/gstreamer-1.0/libgstvideocrop.so': /usr/lib64/gstreamer-1.0/libgstvideocrop.so: undefined symbol: gst_video_meta_transform_matrix_init

(wine:1353838): GStreamer-WARNING **: 22:42:24.083: Failed to load plugin '/usr/lib64/gstreamer-1.0/libgstvideofilter.so': /usr/lib64/gstreamer-1.0/libgstvideofilter.so: undefined symbol: gst_video_meta_transform_matrix_get_quark

(wine:1353838): GStreamer-WARNING **: 22:42:24.084: Failed to load plugin '/usr/lib64/gstreamer-1.0/libgstvpx.so': /usr/lib64/gstreamer-1.0/libgstvpx.so: undefined symbol: gst_meta_register_custom_simple

(wine:1353838): GStreamer-WARNING **: 22:42:24.086: Failed to load plugin '/usr/lib64/gstreamer-1.0/libgsty4m.so': /usr/lib64/gstreamer-1.0/libgsty4m.so: undefined symbol: gst_video_encoder_drop_frame

(wine:1353838): GStreamer-WARNING **: 22:42:24.101: Failed to load plugin '/usr/lib64/gstreamer-1.0/libgstqml6.so': /usr/lib64/gstreamer-1.0/libgstqml6.so: undefined symbol: gst_state_get_name

(wine:1353838): GStreamer-WARNING **: 22:42:24.118: Failed to load plugin '/usr/lib64/gstreamer-1.0/libgstqmlgl.so': /usr/lib64/gstreamer-1.0/libgstqmlgl.so: undefined symbol: gst_state_get_name

(wine:1353838): GStreamer-WARNING **: 22:42:24.122: Failed to load plugin '/usr/lib64/gstreamer-1.0/libgstgtk.so': /usr/lib64/gstreamer-1.0/libgstgtk.so: undefined symbol: gst_state_get_name

(wine:1353838): GStreamer-WARNING **: 22:42:24.122: Failed to load plugin '/usr/lib64/gstreamer-1.0/libgstpipewire.so': /usr/lib64/gstreamer-1.0/libgstpipewire.so: undefined symbol: gst_video_is_dma_drm_caps

(wine:1353838): GStreamer-WARNING **: 22:42:24.129: Failed to load plugin '/home/joker/.steam/steam/steamapps/common/Proton - Experimental/files/lib/x86_64-linux-gnu/gstreamer-1.0/libgstlibav.so': libbz2.so.1.0: cannot open shared object file: No such file or directory

(wine:1353838): GStreamer-WARNING **: 22:42:24.143: Failed to load plugin '/home/joker/.steam/steam/steamapps/common/Proton - Experimental/files/lib/i386-linux-gnu/gstreamer-1.0/libgstlibav.so': /home/joker/.steam/steam/steamapps/common/Proton - Experimental/files/lib/i386-linux-gnu/gstreamer-1.0/libgstlibav.so: wrong ELF class: ELFCLASS32
Fossilize INFO: Overriding serialization path: "/home/joker/.local/share/Steam/steamapps/shadercache/271590/fozpipelinesv6/steamapprun_pipeline_cache".
Fossilize INFO: Overriding serialization path: "/home/joker/.local/share/Steam/steamapps/shadercache/271590/fozpipelinesv6/steamapprun_pipeline_cache".
Fossilize INFO: Overriding serialization path: "/home/joker/.local/share/Steam/steamapps/shadercache/271590/fozpipelinesv6/steamapprun_pipeline_cache".
Fossilize INFO: Overriding serialization path: "/home/joker/.local/share/Steam/steamapps/shadercache/271590/fozpipelinesv6/steamapprun_pipeline_cache".
